<?xml version="1.0" encoding="UTF-8"?>
<coverage generated="1626132610191" clover="3.2.0">
  <project timestamp="1626132610191" name="All files">
    <metrics statements="92" coveredstatements="92" conditionals="24" coveredconditionals="24" methods="37" coveredmethods="37" elements="153" coveredelements="153" complexity="0" loc="92" ncloc="92" packages="1" files="8" classes="8"/>
    <file name="computeAttribute.js" path="/Users/ivan/Projects/sourceface/apps/core/src/store/computeAttribute.js">
      <metrics statements="18" coveredstatements="18" conditionals="4" coveredconditionals="4" methods="7" coveredmethods="7"/>
      <line num="16" count="11" type="stmt"/>
      <line num="17" count="11" type="stmt"/>
      <line num="18" count="11" type="stmt"/>
      <line num="23" count="11" type="cond" truecount="2" falsecount="0"/>
      <line num="24" count="1" type="stmt"/>
      <line num="27" count="10" type="stmt"/>
      <line num="30" count="10" type="stmt"/>
      <line num="32" count="10" type="stmt"/>
      <line num="33" count="2" type="stmt"/>
      <line num="35" count="10" type="stmt"/>
      <line num="36" count="1" type="stmt"/>
      <line num="38" count="10" type="stmt"/>
      <line num="39" count="3" type="stmt"/>
      <line num="42" count="10" type="stmt"/>
      <line num="44" count="12" type="stmt"/>
      <line num="59" count="10" type="stmt"/>
      <line num="61" count="10" type="stmt"/>
      <line num="70" count="30" type="cond" truecount="2" falsecount="0"/>
    </file>
    <file name="computeSetting.js" path="/Users/ivan/Projects/sourceface/apps/core/src/store/computeSetting.js">
      <metrics statements="25" coveredstatements="25" conditionals="10" coveredconditionals="10" methods="5" coveredmethods="5"/>
      <line num="11" count="13" type="stmt"/>
      <line num="12" count="13" type="stmt"/>
      <line num="13" count="13" type="stmt"/>
      <line num="18" count="13" type="cond" truecount="2" falsecount="0"/>
      <line num="19" count="1" type="stmt"/>
      <line num="22" count="12" type="stmt"/>
      <line num="24" count="12" type="stmt"/>
      <line num="26" count="12" type="cond" truecount="2" falsecount="0"/>
      <line num="27" count="4" type="stmt"/>
      <line num="28" count="4" type="stmt"/>
      <line num="30" count="4" type="cond" truecount="2" falsecount="0"/>
      <line num="33" count="8" type="stmt"/>
      <line num="41" count="12" type="stmt"/>
      <line num="43" count="12" type="stmt"/>
      <line num="47" count="16" type="cond" truecount="2" falsecount="0"/>
      <line num="48" count="8" type="stmt"/>
      <line num="51" count="8" type="stmt"/>
      <line num="53" count="8" type="stmt"/>
      <line num="54" count="8" type="stmt"/>
      <line num="61" count="8" type="stmt"/>
      <line num="62" count="8" type="stmt"/>
      <line num="64" count="8" type="stmt"/>
      <line num="66" count="8" type="cond" truecount="2" falsecount="0"/>
      <line num="67" count="7" type="stmt"/>
      <line num="70" count="1" type="stmt"/>
    </file>
    <file name="computeValue.js" path="/Users/ivan/Projects/sourceface/apps/core/src/store/computeValue.js">
      <metrics statements="21" coveredstatements="21" conditionals="8" coveredconditionals="8" methods="9" coveredmethods="9"/>
      <line num="10" count="8" type="stmt"/>
      <line num="11" count="8" type="stmt"/>
      <line num="13" count="8" type="cond" truecount="2" falsecount="0"/>
      <line num="18" count="1" type="stmt"/>
      <line num="21" count="7" type="stmt"/>
      <line num="23" count="7" type="cond" truecount="2" falsecount="0"/>
      <line num="24" count="7" type="stmt"/>
      <line num="26" count="7" type="cond" truecount="2" falsecount="0"/>
      <line num="27" count="1" type="stmt"/>
      <line num="30" count="6" type="stmt"/>
      <line num="39" count="3" type="stmt"/>
      <line num="46" count="1" type="stmt"/>
      <line num="47" count="1" type="stmt"/>
      <line num="49" count="1" type="stmt"/>
      <line num="56" count="2" type="stmt"/>
      <line num="57" count="2" type="stmt"/>
      <line num="60" count="2" type="stmt"/>
      <line num="66" count="2" type="stmt"/>
      <line num="75" count="2" type="stmt"/>
      <line num="76" count="2" type="cond" truecount="2" falsecount="0"/>
      <line num="79" count="6" type="stmt"/>
    </file>
    <file name="createRegistry.js" path="/Users/ivan/Projects/sourceface/apps/core/src/store/createRegistry.js">
      <metrics statements="11" coveredstatements="11" conditionals="2" coveredconditionals="2" methods="6" coveredmethods="6"/>
      <line num="9" count="22" type="stmt"/>
      <line num="26" count="22" type="stmt"/>
      <line num="28" count="22" type="stmt"/>
      <line num="29" count="26" type="stmt"/>
      <line num="30" count="26" type="stmt"/>
      <line num="32" count="26" type="cond" truecount="2" falsecount="0"/>
      <line num="33" count="21" type="stmt"/>
      <line num="36" count="5" type="stmt"/>
      <line num="39" count="5" type="stmt"/>
      <line num="50" count="66" type="stmt"/>
      <line num="59" count="22" type="stmt"/>
    </file>
    <file name="createStore.js" path="/Users/ivan/Projects/sourceface/apps/core/src/store/createStore.js">
      <metrics statements="10" coveredstatements="10" conditionals="0" coveredconditionals="0" methods="7" coveredmethods="7"/>
      <line num="10" count="22" type="stmt"/>
      <line num="11" count="22" type="stmt"/>
      <line num="13" count="22" type="stmt"/>
      <line num="16" count="11" type="stmt"/>
      <line num="19" count="9" type="stmt"/>
      <line num="22" count="2" type="stmt"/>
      <line num="25" count="1" type="stmt"/>
      <line num="28" count="1" type="stmt"/>
      <line num="34" count="3" type="stmt"/>
      <line num="45" count="3" type="stmt"/>
    </file>
    <file name="fakes.js" path="/Users/ivan/Projects/sourceface/apps/core/src/store/fakes.js">
      <metrics statements="6" coveredstatements="6" conditionals="0" coveredconditionals="0" methods="2" coveredmethods="2"/>
      <line num="8" count="22" type="stmt"/>
      <line num="9" count="22" type="stmt"/>
      <line num="10" count="22" type="stmt"/>
      <line num="12" count="22" type="stmt"/>
      <line num="13" count="22" type="stmt"/>
      <line num="15" count="22" type="stmt"/>
    </file>
    <file name="index.js" path="/Users/ivan/Projects/sourceface/apps/core/src/store/index.js">
      <metrics statements="0" coveredstatements="0" conditionals="0" coveredconditionals="0" methods="0" coveredmethods="0"/>
    </file>
    <file name="utils.js" path="/Users/ivan/Projects/sourceface/apps/core/src/store/utils.js">
      <metrics statements="1" coveredstatements="1" conditionals="0" coveredconditionals="0" methods="1" coveredmethods="1"/>
      <line num="3" count="22" type="stmt"/>
    </file>
  </project>
</coverage>
