<?xml version="1.0" encoding="UTF-8"?>
<coverage generated="1626697307494" clover="3.2.0">
  <project timestamp="1626697307494" name="All files">
    <metrics statements="200" coveredstatements="200" conditionals="53" coveredconditionals="53" methods="78" coveredmethods="77" elements="331" coveredelements="330" complexity="0" loc="200" ncloc="200" packages="1" files="16" classes="16"/>
    <file name="bucket.js" path="/Users/ivan/Projects/sourceface/apps/core/src/store/bucket.js">
      <metrics statements="11" coveredstatements="11" conditionals="2" coveredconditionals="2" methods="4" coveredmethods="4"/>
      <line num="9" count="44" type="stmt"/>
      <line num="10" count="44" type="stmt"/>
      <line num="14" count="11" type="stmt"/>
      <line num="15" count="11" type="stmt"/>
      <line num="17" count="11" type="cond" truecount="2" falsecount="0"/>
      <line num="18" count="8" type="stmt"/>
      <line num="19" count="8" type="stmt"/>
      <line num="22" count="11" type="stmt"/>
      <line num="26" count="1" type="stmt"/>
      <line num="27" count="1" type="stmt"/>
      <line num="31" count="12" type="stmt"/>
    </file>
    <file name="cache.js" path="/Users/ivan/Projects/sourceface/apps/core/src/store/cache.js">
      <metrics statements="14" coveredstatements="14" conditionals="2" coveredconditionals="2" methods="5" coveredmethods="5"/>
      <line num="7" count="44" type="stmt"/>
      <line num="8" count="44" type="stmt"/>
      <line num="9" count="44" type="stmt"/>
      <line num="13" count="11" type="stmt"/>
      <line num="14" count="11" type="stmt"/>
      <line num="18" count="10" type="stmt"/>
      <line num="23" count="10" type="stmt"/>
      <line num="24" count="10" type="cond" truecount="2" falsecount="0"/>
      <line num="25" count="1" type="stmt"/>
      <line num="31" count="10" type="stmt"/>
      <line num="32" count="2" type="stmt"/>
      <line num="35" count="10" type="stmt"/>
      <line num="36" count="10" type="stmt"/>
      <line num="41" count="21" type="stmt"/>
    </file>
    <file name="computeAttribute.js" path="/Users/ivan/Projects/sourceface/apps/core/src/store/computeAttribute.js">
      <metrics statements="11" coveredstatements="11" conditionals="2" coveredconditionals="2" methods="3" coveredmethods="3"/>
      <line num="15" count="15" type="stmt"/>
      <line num="16" count="15" type="stmt"/>
      <line num="17" count="15" type="stmt"/>
      <line num="22" count="15" type="cond" truecount="2" falsecount="0"/>
      <line num="23" count="1" type="stmt"/>
      <line num="26" count="14" type="stmt"/>
      <line num="28" count="14" type="stmt"/>
      <line num="30" count="14" type="stmt"/>
      <line num="37" count="16" type="stmt"/>
      <line num="52" count="14" type="stmt"/>
      <line num="54" count="14" type="stmt"/>
    </file>
    <file name="computeRequirements.js" path="/Users/ivan/Projects/sourceface/apps/core/src/store/computeRequirements.js">
      <metrics statements="9" coveredstatements="9" conditionals="2" coveredconditionals="2" methods="5" coveredmethods="5"/>
      <line num="11" count="22" type="stmt"/>
      <line num="13" count="22" type="stmt"/>
      <line num="15" count="3" type="stmt"/>
      <line num="18" count="22" type="stmt"/>
      <line num="20" count="2" type="stmt"/>
      <line num="23" count="22" type="stmt"/>
      <line num="24" count="4" type="stmt"/>
      <line num="27" count="22" type="stmt"/>
      <line num="36" count="66" type="cond" truecount="2" falsecount="0"/>
    </file>
    <file name="computeSetting.js" path="/Users/ivan/Projects/sourceface/apps/core/src/store/computeSetting.js">
      <metrics statements="41" coveredstatements="41" conditionals="14" coveredconditionals="14" methods="13" coveredmethods="13"/>
      <line num="12" count="30" type="stmt"/>
      <line num="13" count="30" type="stmt"/>
      <line num="14" count="30" type="stmt"/>
      <line num="19" count="30" type="cond" truecount="2" falsecount="0"/>
      <line num="20" count="1" type="stmt"/>
      <line num="23" count="29" type="stmt"/>
      <line num="25" count="29" type="stmt"/>
      <line num="27" count="29" type="cond" truecount="2" falsecount="0"/>
      <line num="28" count="4" type="stmt"/>
      <line num="29" count="4" type="stmt"/>
      <line num="31" count="4" type="cond" truecount="2" falsecount="0"/>
      <line num="34" count="25" type="stmt"/>
      <line num="43" count="29" type="stmt"/>
      <line num="45" count="29" type="stmt"/>
      <line num="49" count="51" type="cond" truecount="2" falsecount="0"/>
      <line num="50" count="25" type="stmt"/>
      <line num="53" count="26" type="stmt"/>
      <line num="55" count="26" type="stmt"/>
      <line num="56" count="26" type="stmt"/>
      <line num="59" count="26" type="stmt"/>
      <line num="66" count="26" type="stmt"/>
      <line num="67" count="26" type="stmt"/>
      <line num="69" count="26" type="stmt"/>
      <line num="71" count="26" type="stmt"/>
      <line num="72" count="26" type="stmt"/>
      <line num="74" count="26" type="cond" truecount="2" falsecount="0"/>
      <line num="75" count="1" type="stmt"/>
      <line num="78" count="25" type="stmt"/>
      <line num="79" count="22" type="stmt"/>
      <line num="92" count="22" type="stmt"/>
      <line num="99" count="3" type="stmt"/>
      <line num="101" count="3" type="stmt"/>
      <line num="103" count="7" type="stmt"/>
      <line num="109" count="3" type="cond" truecount="2" falsecount="0"/>
      <line num="110" count="2" type="stmt"/>
      <line num="114" count="2" type="stmt"/>
      <line num="117" count="1" type="stmt"/>
      <line num="123" count="3" type="stmt"/>
      <line num="129" count="2" type="cond" truecount="2" falsecount="0"/>
      <line num="130" count="1" type="stmt"/>
      <line num="136" count="8" type="stmt"/>
    </file>
    <file name="computeValue.js" path="/Users/ivan/Projects/sourceface/apps/core/src/store/computeValue.js">
      <metrics statements="46" coveredstatements="46" conditionals="12" coveredconditionals="12" methods="15" coveredmethods="15"/>
      <line num="16" count="33" type="stmt"/>
      <line num="17" count="33" type="stmt"/>
      <line num="19" count="33" type="cond" truecount="2" falsecount="0"/>
      <line num="24" count="1" type="stmt"/>
      <line num="27" count="32" type="stmt"/>
      <line num="29" count="31" type="cond" truecount="2" falsecount="0"/>
      <line num="30" count="31" type="stmt"/>
      <line num="32" count="31" type="cond" truecount="2" falsecount="0"/>
      <line num="33" count="1" type="stmt"/>
      <line num="36" count="30" type="stmt"/>
      <line num="45" count="11" type="stmt"/>
      <line num="52" count="4" type="stmt"/>
      <line num="53" count="4" type="stmt"/>
      <line num="55" count="4" type="stmt"/>
      <line num="62" count="1" type="stmt"/>
      <line num="69" count="1" type="stmt"/>
      <line num="71" count="1" type="stmt"/>
      <line num="78" count="1" type="stmt"/>
      <line num="80" count="1" type="stmt"/>
      <line num="87" count="11" type="stmt"/>
      <line num="88" count="11" type="stmt"/>
      <line num="89" count="11" type="stmt"/>
      <line num="91" count="11" type="stmt"/>
      <line num="93" count="11" type="stmt"/>
      <line num="94" count="11" type="stmt"/>
      <line num="95" count="11" type="stmt"/>
      <line num="97" count="11" type="stmt"/>
      <line num="98" count="11" type="stmt"/>
      <line num="104" count="11" type="cond" truecount="2" falsecount="0"/>
      <line num="105" count="1" type="stmt"/>
      <line num="108" count="10" type="stmt"/>
      <line num="111" count="11" type="stmt"/>
      <line num="113" count="11" type="cond" truecount="2" falsecount="0"/>
      <line num="117" count="1" type="stmt"/>
      <line num="118" count="1" type="stmt"/>
      <line num="119" count="1" type="stmt"/>
      <line num="123" count="11" type="stmt"/>
      <line num="133" count="10" type="stmt"/>
      <line num="135" count="10" type="stmt"/>
      <line num="144" count="1" type="stmt"/>
      <line num="145" count="1" type="stmt"/>
      <line num="146" count="1" type="stmt"/>
      <line num="148" count="1" type="stmt"/>
      <line num="158" count="12" type="stmt"/>
      <line num="159" count="12" type="cond" truecount="2" falsecount="0"/>
      <line num="162" count="8" type="stmt"/>
    </file>
    <file name="counter.js" path="/Users/ivan/Projects/sourceface/apps/core/src/store/counter.js">
      <metrics statements="4" coveredstatements="4" conditionals="0" coveredconditionals="0" methods="3" coveredmethods="3"/>
      <line num="12" count="8" type="stmt"/>
      <line num="17" count="1" type="stmt"/>
      <line num="18" count="1" type="stmt"/>
      <line num="21" count="1" type="stmt"/>
    </file>
    <file name="createMethod.js" path="/Users/ivan/Projects/sourceface/apps/core/src/store/createMethod.js">
      <metrics statements="12" coveredstatements="12" conditionals="2" coveredconditionals="2" methods="5" coveredmethods="5"/>
      <line num="11" count="8" type="stmt"/>
      <line num="12" count="8" type="stmt"/>
      <line num="14" count="8" type="stmt"/>
      <line num="15" count="8" type="stmt"/>
      <line num="17" count="8" type="stmt"/>
      <line num="19" count="8" type="stmt"/>
      <line num="26" count="8" type="stmt"/>
      <line num="27" count="1" type="stmt"/>
      <line num="29" count="8" type="stmt"/>
      <line num="40" count="8" type="cond" truecount="2" falsecount="0"/>
      <line num="41" count="1" type="stmt"/>
      <line num="44" count="7" type="stmt"/>
    </file>
    <file name="createRegistry.js" path="/Users/ivan/Projects/sourceface/apps/core/src/store/createRegistry.js">
      <metrics statements="18" coveredstatements="18" conditionals="8" coveredconditionals="8" methods="8" coveredmethods="8"/>
      <line num="12" count="44" type="cond" truecount="1" falsecount="0"/>
      <line num="14" count="44" type="stmt"/>
      <line num="23" count="8" type="stmt"/>
      <line num="33" count="44" type="stmt"/>
      <line num="35" count="44" type="stmt"/>
      <line num="36" count="63" type="stmt"/>
      <line num="37" count="63" type="stmt"/>
      <line num="39" count="63" type="cond" truecount="2" falsecount="0"/>
      <line num="40" count="53" type="stmt"/>
      <line num="43" count="10" type="stmt"/>
      <line num="46" count="12" type="stmt"/>
      <line num="57" count="132" type="stmt"/>
      <line num="64" count="44" type="stmt"/>
      <line num="65" count="63" type="stmt"/>
      <line num="69" count="63" type="cond" truecount="2" falsecount="0"/>
      <line num="70" count="63" type="cond" truecount="2" falsecount="0"/>
      <line num="72" count="63" type="stmt"/>
      <line num="78" count="44" type="stmt"/>
    </file>
    <file name="createStore.js" path="/Users/ivan/Projects/sourceface/apps/core/src/store/createStore.js">
      <metrics statements="11" coveredstatements="11" conditionals="2" coveredconditionals="2" methods="9" coveredmethods="9"/>
      <line num="12" count="44" type="stmt"/>
      <line num="13" count="44" type="stmt"/>
      <line num="15" count="44" type="stmt"/>
      <line num="18" count="26" type="stmt"/>
      <line num="21" count="9" type="stmt"/>
      <line num="24" count="8" type="stmt"/>
      <line num="27" count="2" type="cond" truecount="2" falsecount="0"/>
      <line num="30" count="1" type="stmt"/>
      <line num="36" count="7" type="stmt"/>
      <line num="39" count="4" type="stmt"/>
      <line num="42" count="2" type="stmt"/>
    </file>
    <file name="fakes.js" path="/Users/ivan/Projects/sourceface/apps/core/src/store/fakes.js">
      <metrics statements="6" coveredstatements="6" conditionals="3" coveredconditionals="3" methods="2" coveredmethods="2"/>
      <line num="8" count="44" type="stmt"/>
      <line num="9" count="44" type="stmt"/>
      <line num="10" count="44" type="stmt"/>
      <line num="12" count="44" type="cond" truecount="1" falsecount="0"/>
      <line num="13" count="44" type="stmt"/>
      <line num="22" count="44" type="stmt"/>
    </file>
    <file name="index.js" path="/Users/ivan/Projects/sourceface/apps/core/src/store/index.js">
      <metrics statements="0" coveredstatements="0" conditionals="0" coveredconditionals="0" methods="0" coveredmethods="0"/>
    </file>
    <file name="interruption.js" path="/Users/ivan/Projects/sourceface/apps/core/src/store/interruption.js">
      <metrics statements="0" coveredstatements="0" conditionals="0" coveredconditionals="0" methods="0" coveredmethods="0"/>
    </file>
    <file name="updateAtom.js" path="/Users/ivan/Projects/sourceface/apps/core/src/store/updateAtom.js">
      <metrics statements="7" coveredstatements="7" conditionals="2" coveredconditionals="2" methods="2" coveredmethods="2"/>
      <line num="5" count="4" type="stmt"/>
      <line num="7" count="4" type="cond" truecount="2" falsecount="0"/>
      <line num="14" count="1" type="stmt"/>
      <line num="16" count="1" type="stmt"/>
      <line num="20" count="1" type="stmt"/>
      <line num="22" count="1" type="stmt"/>
      <line num="25" count="3" type="stmt"/>
    </file>
    <file name="updateAtoms.js" path="/Users/ivan/Projects/sourceface/apps/core/src/store/updateAtoms.js">
      <metrics statements="9" coveredstatements="9" conditionals="2" coveredconditionals="2" methods="2" coveredmethods="2"/>
      <line num="7" count="4" type="stmt"/>
      <line num="9" count="4" type="cond" truecount="2" falsecount="0"/>
      <line num="12" count="1" type="stmt"/>
      <line num="14" count="1" type="stmt"/>
      <line num="18" count="1" type="stmt"/>
      <line num="20" count="1" type="stmt"/>
      <line num="23" count="3" type="stmt"/>
      <line num="24" count="5" type="stmt"/>
      <line num="25" count="5" type="stmt"/>
    </file>
    <file name="utils.js" path="/Users/ivan/Projects/sourceface/apps/core/src/store/utils.js">
      <metrics statements="1" coveredstatements="1" conditionals="0" coveredconditionals="0" methods="2" coveredmethods="1"/>
      <line num="3" count="43" type="stmt"/>
    </file>
  </project>
</coverage>
