{"/Users/ivan/Projects/sourceface/apps/core/src/store/computeAttribute.js": {"path":"/Users/ivan/Projects/sourceface/apps/core/src/store/computeAttribute.js","statementMap":{"0":{"start":{"line":15,"column":30},"end":{"line":15,"column":42}},"1":{"start":{"line":16,"column":18},"end":{"line":16,"column":53}},"2":{"start":{"line":17,"column":20},"end":{"line":17,"column":56}},"3":{"start":{"line":22,"column":2},"end":{"line":24,"column":3}},"4":{"start":{"line":23,"column":4},"end":{"line":23,"column":21}},"5":{"start":{"line":26,"column":21},"end":{"line":50,"column":3}},"6":{"start":{"line":28,"column":44},"end":{"line":28,"column":78}},"7":{"start":{"line":30,"column":6},"end":{"line":39,"column":8}},"8":{"start":{"line":37,"column":10},"end":{"line":37,"column":51}},"9":{"start":{"line":52,"column":2},"end":{"line":52,"column":59}},"10":{"start":{"line":54,"column":2},"end":{"line":54,"column":20}}},"fnMap":{"0":{"name":"computeAttribute","decl":{"start":{"line":14,"column":24},"end":{"line":14,"column":40}},"loc":{"start":{"line":14,"column":77},"end":{"line":55,"column":1}},"line":14},"1":{"name":"(anonymous_1)","decl":{"start":{"line":27,"column":14},"end":{"line":27,"column":15}},"loc":{"start":{"line":27,"column":26},"end":{"line":40,"column":5}},"line":27},"2":{"name":"(anonymous_2)","decl":{"start":{"line":36,"column":12},"end":{"line":36,"column":13}},"loc":{"start":{"line":37,"column":10},"end":{"line":37,"column":51}},"line":37}},"branchMap":{"0":{"loc":{"start":{"line":22,"column":2},"end":{"line":24,"column":3}},"type":"if","locations":[{"start":{"line":22,"column":2},"end":{"line":24,"column":3}},{"start":{"line":22,"column":2},"end":{"line":24,"column":3}}],"line":22}},"s":{"0":12,"1":12,"2":12,"3":12,"4":1,"5":11,"6":11,"7":11,"8":13,"9":11,"10":11},"f":{"0":12,"1":11,"2":13},"b":{"0":[1,11]},"_coverageSchema":"1a1c01bbd47fc00a2c39e90264f33305004495a9","hash":"a163302e402de41fa30f60eada5f696b27df4313"}
,"/Users/ivan/Projects/sourceface/apps/core/src/store/computeRequirements.js": {"path":"/Users/ivan/Projects/sourceface/apps/core/src/store/computeRequirements.js","statementMap":{"0":{"start":{"line":11,"column":23},"end":{"line":11,"column":35}},"1":{"start":{"line":13,"column":20},"end":{"line":17,"column":3}},"2":{"start":{"line":15,"column":6},"end":{"line":15,"column":58}},"3":{"start":{"line":18,"column":22},"end":{"line":22,"column":3}},"4":{"start":{"line":20,"column":6},"end":{"line":20,"column":58}},"5":{"start":{"line":23,"column":17},"end":{"line":25,"column":3}},"6":{"start":{"line":24,"column":24},"end":{"line":24,"column":53}},"7":{"start":{"line":27,"column":2},"end":{"line":27,"column":57}},"8":{"start":{"line":36,"column":2},"end":{"line":36,"column":55}}},"fnMap":{"0":{"name":"computeRequirements","decl":{"start":{"line":5,"column":24},"end":{"line":5,"column":43}},"loc":{"start":{"line":10,"column":2},"end":{"line":28,"column":1}},"line":10},"1":{"name":"(anonymous_1)","decl":{"start":{"line":14,"column":18},"end":{"line":14,"column":19}},"loc":{"start":{"line":15,"column":6},"end":{"line":15,"column":58}},"line":15},"2":{"name":"(anonymous_2)","decl":{"start":{"line":19,"column":20},"end":{"line":19,"column":21}},"loc":{"start":{"line":20,"column":6},"end":{"line":20,"column":58}},"line":20},"3":{"name":"(anonymous_3)","decl":{"start":{"line":24,"column":15},"end":{"line":24,"column":16}},"loc":{"start":{"line":24,"column":24},"end":{"line":24,"column":53}},"line":24},"4":{"name":"combineSafe","decl":{"start":{"line":35,"column":16},"end":{"line":35,"column":27}},"loc":{"start":{"line":35,"column":35},"end":{"line":37,"column":1}},"line":35}},"branchMap":{"0":{"loc":{"start":{"line":36,"column":9},"end":{"line":36,"column":54}},"type":"cond-expr","locations":[{"start":{"line":36,"column":25},"end":{"line":36,"column":45}},{"start":{"line":36,"column":48},"end":{"line":36,"column":54}}],"line":36}},"s":{"0":18,"1":18,"2":3,"3":18,"4":2,"5":18,"6":4,"7":18,"8":54},"f":{"0":18,"1":3,"2":2,"3":4,"4":54},"b":{"0":[9,45]},"_coverageSchema":"1a1c01bbd47fc00a2c39e90264f33305004495a9","hash":"e6735f7a10249964c8655406d3eb0a299e7fe34f"}
,"/Users/ivan/Projects/sourceface/apps/core/src/store/computeSetting.js": {"path":"/Users/ivan/Projects/sourceface/apps/core/src/store/computeSetting.js","statementMap":{"0":{"start":{"line":11,"column":30},"end":{"line":11,"column":42}},"1":{"start":{"line":12,"column":18},"end":{"line":12,"column":53}},"2":{"start":{"line":13,"column":20},"end":{"line":13,"column":56}},"3":{"start":{"line":18,"column":2},"end":{"line":20,"column":3}},"4":{"start":{"line":19,"column":4},"end":{"line":19,"column":21}},"5":{"start":{"line":22,"column":19},"end":{"line":39,"column":3}},"6":{"start":{"line":24,"column":23},"end":{"line":24,"column":45}},"7":{"start":{"line":26,"column":6},"end":{"line":31,"column":7}},"8":{"start":{"line":27,"column":22},"end":{"line":27,"column":45}},"9":{"start":{"line":28,"column":29},"end":{"line":28,"column":70}},"10":{"start":{"line":30,"column":8},"end":{"line":30,"column":41}},"11":{"start":{"line":33,"column":6},"end":{"line":33,"column":76}},"12":{"start":{"line":41,"column":2},"end":{"line":41,"column":57}},"13":{"start":{"line":43,"column":2},"end":{"line":43,"column":18}},"14":{"start":{"line":47,"column":2},"end":{"line":49,"column":3}},"15":{"start":{"line":48,"column":4},"end":{"line":48,"column":55}},"16":{"start":{"line":48,"column":34},"end":{"line":48,"column":52}},"17":{"start":{"line":51,"column":26},"end":{"line":51,"column":34}},"18":{"start":{"line":53,"column":19},"end":{"line":55,"column":3}},"19":{"start":{"line":54,"column":23},"end":{"line":54,"column":67}},"20":{"start":{"line":57,"column":2},"end":{"line":57,"column":60}},"21":{"start":{"line":64,"column":23},"end":{"line":64,"column":35}},"22":{"start":{"line":65,"column":17},"end":{"line":65,"column":50}},"23":{"start":{"line":67,"column":2},"end":{"line":82,"column":4}},"24":{"start":{"line":69,"column":24},"end":{"line":69,"column":54}},"25":{"start":{"line":71,"column":6},"end":{"line":78,"column":7}},"26":{"start":{"line":72,"column":8},"end":{"line":77,"column":10}},"27":{"start":{"line":73,"column":25},"end":{"line":76,"column":11}},"28":{"start":{"line":80,"column":6},"end":{"line":80,"column":49}}},"fnMap":{"0":{"name":"computeSetting","decl":{"start":{"line":10,"column":24},"end":{"line":10,"column":38}},"loc":{"start":{"line":10,"column":77},"end":{"line":44,"column":1}},"line":10},"1":{"name":"(anonymous_1)","decl":{"start":{"line":23,"column":14},"end":{"line":23,"column":15}},"loc":{"start":{"line":23,"column":26},"end":{"line":34,"column":5}},"line":23},"2":{"name":"computeStages","decl":{"start":{"line":46,"column":9},"end":{"line":46,"column":22}},"loc":{"start":{"line":46,"column":60},"end":{"line":58,"column":1}},"line":46},"3":{"name":"(anonymous_3)","decl":{"start":{"line":48,"column":25},"end":{"line":48,"column":26}},"loc":{"start":{"line":48,"column":34},"end":{"line":48,"column":52}},"line":48},"4":{"name":"(anonymous_4)","decl":{"start":{"line":54,"column":14},"end":{"line":54,"column":15}},"loc":{"start":{"line":54,"column":23},"end":{"line":54,"column":67}},"line":54},"5":{"name":"computeStage","decl":{"start":{"line":63,"column":9},"end":{"line":63,"column":21}},"loc":{"start":{"line":63,"column":57},"end":{"line":83,"column":1}},"line":63},"6":{"name":"(anonymous_6)","decl":{"start":{"line":68,"column":14},"end":{"line":68,"column":15}},"loc":{"start":{"line":68,"column":25},"end":{"line":81,"column":5}},"line":68},"7":{"name":"(anonymous_7)","decl":{"start":{"line":73,"column":14},"end":{"line":73,"column":15}},"loc":{"start":{"line":73,"column":25},"end":{"line":76,"column":11}},"line":73}},"branchMap":{"0":{"loc":{"start":{"line":18,"column":2},"end":{"line":20,"column":3}},"type":"if","locations":[{"start":{"line":18,"column":2},"end":{"line":20,"column":3}},{"start":{"line":18,"column":2},"end":{"line":20,"column":3}}],"line":18},"1":{"loc":{"start":{"line":26,"column":6},"end":{"line":31,"column":7}},"type":"if","locations":[{"start":{"line":26,"column":6},"end":{"line":31,"column":7}},{"start":{"line":26,"column":6},"end":{"line":31,"column":7}}],"line":26},"2":{"loc":{"start":{"line":30,"column":18},"end":{"line":30,"column":39}},"type":"binary-expr","locations":[{"start":{"line":30,"column":18},"end":{"line":30,"column":23}},{"start":{"line":30,"column":27},"end":{"line":30,"column":39}}],"line":30},"3":{"loc":{"start":{"line":47,"column":2},"end":{"line":49,"column":3}},"type":"if","locations":[{"start":{"line":47,"column":2},"end":{"line":49,"column":3}},{"start":{"line":47,"column":2},"end":{"line":49,"column":3}}],"line":47},"4":{"loc":{"start":{"line":71,"column":6},"end":{"line":78,"column":7}},"type":"if","locations":[{"start":{"line":71,"column":6},"end":{"line":78,"column":7}},{"start":{"line":71,"column":6},"end":{"line":78,"column":7}}],"line":71}},"s":{"0":19,"1":19,"2":19,"3":19,"4":1,"5":18,"6":18,"7":18,"8":4,"9":4,"10":4,"11":14,"12":18,"13":18,"14":29,"15":14,"16":11,"17":15,"18":15,"19":15,"20":15,"21":15,"22":15,"23":15,"24":15,"25":15,"26":14,"27":12,"28":1},"f":{"0":19,"1":18,"2":29,"3":11,"4":15,"5":15,"6":15,"7":12},"b":{"0":[1,18],"1":[4,14],"2":[4,1],"3":[14,15],"4":[14,1]},"_coverageSchema":"1a1c01bbd47fc00a2c39e90264f33305004495a9","hash":"5f42d5dc98ce411ca2127f2e4d228bb5556e5532"}
,"/Users/ivan/Projects/sourceface/apps/core/src/store/computeValue.js": {"path":"/Users/ivan/Projects/sourceface/apps/core/src/store/computeValue.js","statementMap":{"0":{"start":{"line":13,"column":23},"end":{"line":13,"column":35}},"1":{"start":{"line":14,"column":17},"end":{"line":14,"column":50}},"2":{"start":{"line":16,"column":2},"end":{"line":22,"column":3}},"3":{"start":{"line":21,"column":4},"end":{"line":21,"column":67}},"4":{"start":{"line":24,"column":2},"end":{"line":35,"column":4}},"5":{"start":{"line":26,"column":25},"end":{"line":26,"column":52}},"6":{"start":{"line":27,"column":22},"end":{"line":27,"column":48}},"7":{"start":{"line":29,"column":6},"end":{"line":31,"column":7}},"8":{"start":{"line":30,"column":8},"end":{"line":30,"column":55}},"9":{"start":{"line":33,"column":6},"end":{"line":33,"column":66}},"10":{"start":{"line":42,"column":2},"end":{"line":42,"column":33}},"11":{"start":{"line":49,"column":19},"end":{"line":49,"column":50}},"12":{"start":{"line":50,"column":23},"end":{"line":50,"column":36}},"13":{"start":{"line":52,"column":2},"end":{"line":52,"column":67}},"14":{"start":{"line":59,"column":2},"end":{"line":59,"column":25}},"15":{"start":{"line":66,"column":19},"end":{"line":66,"column":32}},"16":{"start":{"line":68,"column":2},"end":{"line":68,"column":32}},"17":{"start":{"line":75,"column":32},"end":{"line":75,"column":44}},"18":{"start":{"line":76,"column":32},"end":{"line":76,"column":59}},"19":{"start":{"line":78,"column":2},"end":{"line":105,"column":4}},"20":{"start":{"line":80,"column":25},"end":{"line":80,"column":57}},"21":{"start":{"line":81,"column":24},"end":{"line":81,"column":52}},"22":{"start":{"line":87,"column":6},"end":{"line":89,"column":7}},"23":{"start":{"line":88,"column":8},"end":{"line":88,"column":25}},"24":{"start":{"line":94,"column":22},"end":{"line":96,"column":7}},"25":{"start":{"line":95,"column":54},"end":{"line":95,"column":62}},"26":{"start":{"line":101,"column":6},"end":{"line":101,"column":45}},"27":{"start":{"line":103,"column":6},"end":{"line":103,"column":21}},"28":{"start":{"line":112,"column":23},"end":{"line":112,"column":36}},"29":{"start":{"line":113,"column":19},"end":{"line":113,"column":50}},"30":{"start":{"line":114,"column":17},"end":{"line":114,"column":70}},"31":{"start":{"line":116,"column":2},"end":{"line":118,"column":4}},"32":{"start":{"line":126,"column":21},"end":{"line":126,"column":76}},"33":{"start":{"line":126,"column":34},"end":{"line":126,"column":76}},"34":{"start":{"line":127,"column":2},"end":{"line":127,"column":72}},"35":{"start":{"line":130,"column":19},"end":{"line":137,"column":1}}},"fnMap":{"0":{"name":"computeValue","decl":{"start":{"line":12,"column":24},"end":{"line":12,"column":36}},"loc":{"start":{"line":12,"column":67},"end":{"line":36,"column":1}},"line":12},"1":{"name":"(anonymous_1)","decl":{"start":{"line":25,"column":14},"end":{"line":25,"column":15}},"loc":{"start":{"line":25,"column":25},"end":{"line":34,"column":5}},"line":25},"2":{"name":"computeConstantValue","decl":{"start":{"line":41,"column":9},"end":{"line":41,"column":29}},"loc":{"start":{"line":41,"column":37},"end":{"line":43,"column":1}},"line":41},"3":{"name":"computeAttributeValue","decl":{"start":{"line":48,"column":9},"end":{"line":48,"column":30}},"loc":{"start":{"line":48,"column":59},"end":{"line":53,"column":1}},"line":48},"4":{"name":"computeInputValue","decl":{"start":{"line":58,"column":9},"end":{"line":58,"column":26}},"loc":{"start":{"line":58,"column":42},"end":{"line":60,"column":1}},"line":58},"5":{"name":"computeStageValue","decl":{"start":{"line":65,"column":9},"end":{"line":65,"column":26}},"loc":{"start":{"line":65,"column":41},"end":{"line":69,"column":1}},"line":65},"6":{"name":"computeFutureValue","decl":{"start":{"line":74,"column":9},"end":{"line":74,"column":27}},"loc":{"start":{"line":74,"column":56},"end":{"line":106,"column":1}},"line":74},"7":{"name":"(anonymous_7)","decl":{"start":{"line":79,"column":14},"end":{"line":79,"column":15}},"loc":{"start":{"line":79,"column":24},"end":{"line":104,"column":5}},"line":79},"8":{"name":"(anonymous_8)","decl":{"start":{"line":95,"column":45},"end":{"line":95,"column":46}},"loc":{"start":{"line":95,"column":54},"end":{"line":95,"column":62}},"line":95},"9":{"name":"computeMethodValue","decl":{"start":{"line":111,"column":9},"end":{"line":111,"column":27}},"loc":{"start":{"line":111,"column":56},"end":{"line":119,"column":1}},"line":111},"10":{"name":"computeFunctionArgs","decl":{"start":{"line":125,"column":9},"end":{"line":125,"column":28}},"loc":{"start":{"line":125,"column":56},"end":{"line":128,"column":1}},"line":125},"11":{"name":"(anonymous_11)","decl":{"start":{"line":126,"column":21},"end":{"line":126,"column":22}},"loc":{"start":{"line":126,"column":34},"end":{"line":126,"column":76}},"line":126}},"branchMap":{"0":{"loc":{"start":{"line":16,"column":2},"end":{"line":22,"column":3}},"type":"if","locations":[{"start":{"line":16,"column":2},"end":{"line":22,"column":3}},{"start":{"line":16,"column":2},"end":{"line":22,"column":3}}],"line":16},"1":{"loc":{"start":{"line":26,"column":34},"end":{"line":26,"column":50}},"type":"binary-expr","locations":[{"start":{"line":26,"column":34},"end":{"line":26,"column":44}},{"start":{"line":26,"column":48},"end":{"line":26,"column":50}}],"line":26},"2":{"loc":{"start":{"line":29,"column":6},"end":{"line":31,"column":7}},"type":"if","locations":[{"start":{"line":29,"column":6},"end":{"line":31,"column":7}},{"start":{"line":29,"column":6},"end":{"line":31,"column":7}}],"line":29},"3":{"loc":{"start":{"line":87,"column":6},"end":{"line":89,"column":7}},"type":"if","locations":[{"start":{"line":87,"column":6},"end":{"line":89,"column":7}},{"start":{"line":87,"column":6},"end":{"line":89,"column":7}}],"line":87},"4":{"loc":{"start":{"line":127,"column":9},"end":{"line":127,"column":71}},"type":"cond-expr","locations":[{"start":{"line":127,"column":16},"end":{"line":127,"column":62}},{"start":{"line":127,"column":65},"end":{"line":127,"column":71}}],"line":127}},"s":{"0":16,"1":16,"2":16,"3":1,"4":15,"5":15,"6":15,"7":15,"8":1,"9":14,"10":6,"11":1,"12":1,"13":1,"14":1,"15":1,"16":1,"17":4,"18":4,"19":4,"20":4,"21":4,"22":4,"23":1,"24":3,"25":3,"26":3,"27":3,"28":1,"29":1,"30":1,"31":1,"32":5,"33":2,"34":5,"35":8},"f":{"0":16,"1":15,"2":6,"3":1,"4":1,"5":1,"6":4,"7":4,"8":3,"9":1,"10":5,"11":2},"b":{"0":[1,15],"1":[15,14],"2":[1,14],"3":[1,3],"4":[2,3]},"_coverageSchema":"1a1c01bbd47fc00a2c39e90264f33305004495a9","hash":"872484f2e59fddc0508528bfcaf53db1ecfc58da"}
,"/Users/ivan/Projects/sourceface/apps/core/src/store/createMethod.js": {"path":"/Users/ivan/Projects/sourceface/apps/core/src/store/createMethod.js","statementMap":{"0":{"start":{"line":10,"column":30},"end":{"line":10,"column":42}},"1":{"start":{"line":11,"column":18},"end":{"line":11,"column":53}},"2":{"start":{"line":13,"column":2},"end":{"line":40,"column":4}},"3":{"start":{"line":14,"column":4},"end":{"line":39,"column":6}},"4":{"start":{"line":16,"column":42},"end":{"line":16,"column":73}},"5":{"start":{"line":18,"column":8},"end":{"line":37,"column":10}},"6":{"start":{"line":25,"column":27},"end":{"line":25,"column":70}},"7":{"start":{"line":31,"column":12},"end":{"line":33,"column":13}},"8":{"start":{"line":32,"column":14},"end":{"line":32,"column":34}},"9":{"start":{"line":35,"column":12},"end":{"line":35,"column":30}}},"fnMap":{"0":{"name":"createMethod","decl":{"start":{"line":9,"column":24},"end":{"line":9,"column":36}},"loc":{"start":{"line":9,"column":73},"end":{"line":41,"column":1}},"line":9},"1":{"name":"(anonymous_1)","decl":{"start":{"line":13,"column":9},"end":{"line":13,"column":10}},"loc":{"start":{"line":13,"column":19},"end":{"line":40,"column":3}},"line":13},"2":{"name":"(anonymous_2)","decl":{"start":{"line":15,"column":16},"end":{"line":15,"column":17}},"loc":{"start":{"line":15,"column":28},"end":{"line":38,"column":7}},"line":15},"3":{"name":"(anonymous_3)","decl":{"start":{"line":24,"column":20},"end":{"line":24,"column":21}},"loc":{"start":{"line":24,"column":55},"end":{"line":36,"column":11}},"line":24}},"branchMap":{"0":{"loc":{"start":{"line":31,"column":12},"end":{"line":33,"column":13}},"type":"if","locations":[{"start":{"line":31,"column":12},"end":{"line":33,"column":13}},{"start":{"line":31,"column":12},"end":{"line":33,"column":13}}],"line":31}},"s":{"0":7,"1":7,"2":7,"3":7,"4":7,"5":7,"6":7,"7":7,"8":1,"9":6},"f":{"0":7,"1":7,"2":7,"3":7},"b":{"0":[1,6]},"_coverageSchema":"1a1c01bbd47fc00a2c39e90264f33305004495a9","hash":"98f12d6c72a2efc6e04117f4532cfe70301067f2"}
,"/Users/ivan/Projects/sourceface/apps/core/src/store/createRegistry.js": {"path":"/Users/ivan/Projects/sourceface/apps/core/src/store/createRegistry.js","statementMap":{"0":{"start":{"line":9,"column":2},"end":{"line":20,"column":4}},"1":{"start":{"line":27,"column":20},"end":{"line":27,"column":33}},"2":{"start":{"line":29,"column":2},"end":{"line":44,"column":9}},"3":{"start":{"line":30,"column":19},"end":{"line":30,"column":36}},"4":{"start":{"line":31,"column":29},"end":{"line":31,"column":47}},"5":{"start":{"line":33,"column":4},"end":{"line":35,"column":5}},"6":{"start":{"line":34,"column":6},"end":{"line":34,"column":17}},"7":{"start":{"line":37,"column":4},"end":{"line":43,"column":6}},"8":{"start":{"line":40,"column":26},"end":{"line":40,"column":59}},"9":{"start":{"line":51,"column":2},"end":{"line":51,"column":24}},"10":{"start":{"line":60,"column":2},"end":{"line":60,"column":27}}},"fnMap":{"0":{"name":"createRegistry","decl":{"start":{"line":8,"column":24},"end":{"line":8,"column":38}},"loc":{"start":{"line":8,"column":56},"end":{"line":21,"column":1}},"line":8},"1":{"name":"populateAtoms","decl":{"start":{"line":26,"column":9},"end":{"line":26,"column":22}},"loc":{"start":{"line":26,"column":39},"end":{"line":45,"column":1}},"line":26},"2":{"name":"(anonymous_2)","decl":{"start":{"line":29,"column":26},"end":{"line":29,"column":27}},"loc":{"start":{"line":29,"column":45},"end":{"line":44,"column":3}},"line":29},"3":{"name":"(anonymous_3)","decl":{"start":{"line":40,"column":8},"end":{"line":40,"column":9}},"loc":{"start":{"line":40,"column":26},"end":{"line":40,"column":59}},"line":40},"4":{"name":"populateEntity","decl":{"start":{"line":50,"column":9},"end":{"line":50,"column":23}},"loc":{"start":{"line":50,"column":31},"end":{"line":52,"column":1}},"line":50},"5":{"name":"populateIds","decl":{"start":{"line":59,"column":9},"end":{"line":59,"column":20}},"loc":{"start":{"line":59,"column":30},"end":{"line":61,"column":1}},"line":59}},"branchMap":{"0":{"loc":{"start":{"line":33,"column":4},"end":{"line":35,"column":5}},"type":"if","locations":[{"start":{"line":33,"column":4},"end":{"line":35,"column":5}},{"start":{"line":33,"column":4},"end":{"line":35,"column":5}}],"line":33}},"s":{"0":35,"1":35,"2":35,"3":41,"4":41,"5":41,"6":32,"7":9,"8":11,"9":105,"10":35},"f":{"0":35,"1":35,"2":41,"3":11,"4":105,"5":35},"b":{"0":[32,9]},"_coverageSchema":"1a1c01bbd47fc00a2c39e90264f33305004495a9","hash":"9ed3e143c95b3df38517322ebf4631af67efd812"}
,"/Users/ivan/Projects/sourceface/apps/core/src/store/createStore.js": {"path":"/Users/ivan/Projects/sourceface/apps/core/src/store/createStore.js","statementMap":{"0":{"start":{"line":12,"column":19},"end":{"line":12,"column":50}},"1":{"start":{"line":13,"column":23},"end":{"line":13,"column":51}},"2":{"start":{"line":15,"column":2},"end":{"line":44,"column":4}},"3":{"start":{"line":18,"column":8},"end":{"line":18,"column":68}},"4":{"start":{"line":21,"column":8},"end":{"line":21,"column":72}},"5":{"start":{"line":24,"column":8},"end":{"line":24,"column":68}},"6":{"start":{"line":27,"column":8},"end":{"line":27,"column":45}},"7":{"start":{"line":30,"column":8},"end":{"line":30,"column":28}},"8":{"start":{"line":33,"column":8},"end":{"line":33,"column":51}},"9":{"start":{"line":38,"column":8},"end":{"line":38,"column":66}},"10":{"start":{"line":41,"column":8},"end":{"line":41,"column":63}}},"fnMap":{"0":{"name":"createStore","decl":{"start":{"line":11,"column":24},"end":{"line":11,"column":35}},"loc":{"start":{"line":11,"column":62},"end":{"line":45,"column":1}},"line":11},"1":{"name":"(anonymous_1)","decl":{"start":{"line":17,"column":6},"end":{"line":17,"column":7}},"loc":{"start":{"line":17,"column":38},"end":{"line":19,"column":7}},"line":17},"2":{"name":"(anonymous_2)","decl":{"start":{"line":20,"column":6},"end":{"line":20,"column":7}},"loc":{"start":{"line":20,"column":31},"end":{"line":22,"column":7}},"line":20},"3":{"name":"(anonymous_3)","decl":{"start":{"line":23,"column":6},"end":{"line":23,"column":7}},"loc":{"start":{"line":23,"column":28},"end":{"line":25,"column":7}},"line":23},"4":{"name":"(anonymous_4)","decl":{"start":{"line":26,"column":6},"end":{"line":26,"column":7}},"loc":{"start":{"line":26,"column":26},"end":{"line":28,"column":7}},"line":26},"5":{"name":"(anonymous_5)","decl":{"start":{"line":29,"column":6},"end":{"line":29,"column":7}},"loc":{"start":{"line":29,"column":16},"end":{"line":31,"column":7}},"line":29},"6":{"name":"(anonymous_6)","decl":{"start":{"line":32,"column":6},"end":{"line":32,"column":7}},"loc":{"start":{"line":32,"column":23},"end":{"line":34,"column":7}},"line":32},"7":{"name":"(anonymous_7)","decl":{"start":{"line":37,"column":6},"end":{"line":37,"column":7}},"loc":{"start":{"line":37,"column":43},"end":{"line":39,"column":7}},"line":37},"8":{"name":"(anonymous_8)","decl":{"start":{"line":40,"column":6},"end":{"line":40,"column":7}},"loc":{"start":{"line":40,"column":40},"end":{"line":42,"column":7}},"line":40}},"branchMap":{},"s":{"0":35,"1":35,"2":35,"3":16,"4":9,"5":6,"6":7,"7":1,"8":1,"9":4,"10":2},"f":{"0":35,"1":16,"2":9,"3":6,"4":7,"5":1,"6":1,"7":4,"8":2},"b":{},"_coverageSchema":"1a1c01bbd47fc00a2c39e90264f33305004495a9","hash":"03bed03dd79de8dd462de283dfcf0c722258fb17"}
,"/Users/ivan/Projects/sourceface/apps/core/src/store/fakes.js": {"path":"/Users/ivan/Projects/sourceface/apps/core/src/store/fakes.js","statementMap":{"0":{"start":{"line":8,"column":19},"end":{"line":8,"column":37}},"1":{"start":{"line":9,"column":16},"end":{"line":9,"column":31}},"2":{"start":{"line":10,"column":18},"end":{"line":10,"column":35}},"3":{"start":{"line":12,"column":17},"end":{"line":13,"column":74}},"4":{"start":{"line":13,"column":4},"end":{"line":13,"column":74}},"5":{"start":{"line":15,"column":2},"end":{"line":22,"column":4}}},"fnMap":{"0":{"name":"init","decl":{"start":{"line":7,"column":16},"end":{"line":7,"column":20}},"loc":{"start":{"line":7,"column":23},"end":{"line":23,"column":1}},"line":7},"1":{"name":"(anonymous_1)","decl":{"start":{"line":12,"column":17},"end":{"line":12,"column":18}},"loc":{"start":{"line":13,"column":4},"end":{"line":13,"column":74}},"line":13}},"branchMap":{},"s":{"0":35,"1":35,"2":35,"3":35,"4":35,"5":35},"f":{"0":35,"1":35},"b":{},"_coverageSchema":"1a1c01bbd47fc00a2c39e90264f33305004495a9","hash":"cf5581b6d355485ef00c7284f06b659f748502dd"}
,"/Users/ivan/Projects/sourceface/apps/core/src/store/index.js": {"path":"/Users/ivan/Projects/sourceface/apps/core/src/store/index.js","statementMap":{},"fnMap":{},"branchMap":{},"s":{},"f":{},"b":{},"_coverageSchema":"1a1c01bbd47fc00a2c39e90264f33305004495a9","hash":"12946156e1114671f7b3f6699ed0e00c5e0a2881"}
,"/Users/ivan/Projects/sourceface/apps/core/src/store/updateAtom.js": {"path":"/Users/ivan/Projects/sourceface/apps/core/src/store/updateAtom.js","statementMap":{"0":{"start":{"line":5,"column":16},"end":{"line":5,"column":45}},"1":{"start":{"line":7,"column":2},"end":{"line":23,"column":3}},"2":{"start":{"line":14,"column":4},"end":{"line":18,"column":21}},"3":{"start":{"line":16,"column":8},"end":{"line":16,"column":21}},"4":{"start":{"line":20,"column":4},"end":{"line":20,"column":32}},"5":{"start":{"line":22,"column":4},"end":{"line":22,"column":11}},"6":{"start":{"line":25,"column":2},"end":{"line":25,"column":24}}},"fnMap":{"0":{"name":"updateAtom","decl":{"start":{"line":4,"column":24},"end":{"line":4,"column":34}},"loc":{"start":{"line":4,"column":75},"end":{"line":26,"column":1}},"line":4},"1":{"name":"(anonymous_1)","decl":{"start":{"line":15,"column":17},"end":{"line":15,"column":18}},"loc":{"start":{"line":15,"column":28},"end":{"line":17,"column":7}},"line":15}},"branchMap":{"0":{"loc":{"start":{"line":7,"column":2},"end":{"line":23,"column":3}},"type":"if","locations":[{"start":{"line":7,"column":2},"end":{"line":23,"column":3}},{"start":{"line":7,"column":2},"end":{"line":23,"column":3}}],"line":7}},"s":{"0":4,"1":4,"2":1,"3":1,"4":1,"5":1,"6":3},"f":{"0":4,"1":1},"b":{"0":[1,3]},"_coverageSchema":"1a1c01bbd47fc00a2c39e90264f33305004495a9","hash":"f87cf91b456598db870e913334c392df520f0f2d"}
,"/Users/ivan/Projects/sourceface/apps/core/src/store/updateAtoms.js": {"path":"/Users/ivan/Projects/sourceface/apps/core/src/store/updateAtoms.js","statementMap":{"0":{"start":{"line":7,"column":23},"end":{"line":7,"column":35}},"1":{"start":{"line":9,"column":2},"end":{"line":21,"column":3}},"2":{"start":{"line":12,"column":4},"end":{"line":16,"column":21}},"3":{"start":{"line":14,"column":8},"end":{"line":14,"column":28}},"4":{"start":{"line":18,"column":4},"end":{"line":18,"column":64}},"5":{"start":{"line":20,"column":4},"end":{"line":20,"column":11}},"6":{"start":{"line":23,"column":2},"end":{"line":26,"column":3}},"7":{"start":{"line":24,"column":22},"end":{"line":24,"column":37}},"8":{"start":{"line":25,"column":4},"end":{"line":25,"column":50}}},"fnMap":{"0":{"name":"updateAtoms","decl":{"start":{"line":6,"column":24},"end":{"line":6,"column":35}},"loc":{"start":{"line":6,"column":72},"end":{"line":27,"column":1}},"line":6},"1":{"name":"(anonymous_1)","decl":{"start":{"line":13,"column":17},"end":{"line":13,"column":18}},"loc":{"start":{"line":13,"column":29},"end":{"line":15,"column":7}},"line":13}},"branchMap":{"0":{"loc":{"start":{"line":9,"column":2},"end":{"line":21,"column":3}},"type":"if","locations":[{"start":{"line":9,"column":2},"end":{"line":21,"column":3}},{"start":{"line":9,"column":2},"end":{"line":21,"column":3}}],"line":9}},"s":{"0":3,"1":3,"2":1,"3":1,"4":1,"5":1,"6":2,"7":4,"8":4},"f":{"0":3,"1":1},"b":{"0":[1,2]},"_coverageSchema":"1a1c01bbd47fc00a2c39e90264f33305004495a9","hash":"0c5aceee9dad8dfc929829a6a74263772f0b0a51"}
,"/Users/ivan/Projects/sourceface/apps/core/src/store/utils.js": {"path":"/Users/ivan/Projects/sourceface/apps/core/src/store/utils.js","statementMap":{"0":{"start":{"line":3,"column":19},"end":{"line":3,"column":56}},"1":{"start":{"line":3,"column":32},"end":{"line":3,"column":56}}},"fnMap":{"0":{"name":"(anonymous_0)","decl":{"start":{"line":3,"column":19},"end":{"line":3,"column":20}},"loc":{"start":{"line":3,"column":32},"end":{"line":3,"column":56}},"line":3}},"branchMap":{},"s":{"0":8,"1":29},"f":{"0":29},"b":{},"_coverageSchema":"1a1c01bbd47fc00a2c39e90264f33305004495a9","hash":"dc17632c7467e231860b154d427d1969bdc26788"}
}
