{"/Users/ivan/Projects/sourceface/apps/core/src/store/bucket.js": {"path":"/Users/ivan/Projects/sourceface/apps/core/src/store/bucket.js","statementMap":{"0":{"start":{"line":5,"column":4},"end":{"line":5,"column":26}},"1":{"start":{"line":6,"column":4},"end":{"line":6,"column":42}},"2":{"start":{"line":6,"column":24},"end":{"line":6,"column":41}},"3":{"start":{"line":10,"column":16},"end":{"line":10,"column":30}},"4":{"start":{"line":11,"column":17},"end":{"line":11,"column":35}},"5":{"start":{"line":13,"column":4},"end":{"line":16,"column":5}},"6":{"start":{"line":14,"column":6},"end":{"line":14,"column":29}},"7":{"start":{"line":15,"column":6},"end":{"line":15,"column":33}},"8":{"start":{"line":18,"column":4},"end":{"line":18,"column":18}},"9":{"start":{"line":22,"column":16},"end":{"line":22,"column":30}},"10":{"start":{"line":23,"column":4},"end":{"line":23,"column":30}},"11":{"start":{"line":27,"column":4},"end":{"line":27,"column":26}}},"fnMap":{"0":{"name":"(anonymous_0)","decl":{"start":{"line":4,"column":2},"end":{"line":4,"column":3}},"loc":{"start":{"line":4,"column":29},"end":{"line":7,"column":3}},"line":4},"1":{"name":"(anonymous_1)","decl":{"start":{"line":6,"column":18},"end":{"line":6,"column":19}},"loc":{"start":{"line":6,"column":24},"end":{"line":6,"column":41}},"line":6},"2":{"name":"(anonymous_2)","decl":{"start":{"line":9,"column":2},"end":{"line":9,"column":3}},"loc":{"start":{"line":9,"column":20},"end":{"line":19,"column":3}},"line":9},"3":{"name":"(anonymous_3)","decl":{"start":{"line":21,"column":2},"end":{"line":21,"column":3}},"loc":{"start":{"line":21,"column":15},"end":{"line":24,"column":3}},"line":21},"4":{"name":"(anonymous_4)","decl":{"start":{"line":26,"column":2},"end":{"line":26,"column":3}},"loc":{"start":{"line":26,"column":12},"end":{"line":28,"column":3}},"line":26}},"branchMap":{"0":{"loc":{"start":{"line":13,"column":4},"end":{"line":16,"column":5}},"type":"if","locations":[{"start":{"line":13,"column":4},"end":{"line":16,"column":5}},{"start":{"line":13,"column":4},"end":{"line":16,"column":5}}],"line":13}},"s":{"0":48,"1":48,"2":8,"3":12,"4":12,"5":12,"6":8,"7":8,"8":12,"9":2,"10":2,"11":14},"f":{"0":48,"1":8,"2":12,"3":2,"4":14},"b":{"0":[8,4]},"_coverageSchema":"1a1c01bbd47fc00a2c39e90264f33305004495a9","hash":"bd9b4707ea7bb858ef39345e1287e820453a85be"}
,"/Users/ivan/Projects/sourceface/apps/core/src/store/cache.js": {"path":"/Users/ivan/Projects/sourceface/apps/core/src/store/cache.js","statementMap":{"0":{"start":{"line":13,"column":4},"end":{"line":13,"column":19}},"1":{"start":{"line":14,"column":4},"end":{"line":14,"column":34}},"2":{"start":{"line":16,"column":4},"end":{"line":16,"column":26}},"3":{"start":{"line":17,"column":4},"end":{"line":17,"column":33}},"4":{"start":{"line":18,"column":4},"end":{"line":18,"column":30}},"5":{"start":{"line":23,"column":4},"end":{"line":23,"column":26}},"6":{"start":{"line":24,"column":4},"end":{"line":24,"column":30}},"7":{"start":{"line":28,"column":4},"end":{"line":40,"column":6}},"8":{"start":{"line":30,"column":23},"end":{"line":30,"column":41}},"9":{"start":{"line":32,"column":8},"end":{"line":34,"column":9}},"10":{"start":{"line":33,"column":10},"end":{"line":33,"column":28}},"11":{"start":{"line":38,"column":8},"end":{"line":38,"column":40}},"12":{"start":{"line":47,"column":22},"end":{"line":47,"column":47}},"13":{"start":{"line":49,"column":4},"end":{"line":51,"column":5}},"14":{"start":{"line":50,"column":6},"end":{"line":50,"column":23}},"15":{"start":{"line":53,"column":17},"end":{"line":69,"column":5}},"16":{"start":{"line":59,"column":8},"end":{"line":59,"column":37}},"17":{"start":{"line":61,"column":8},"end":{"line":61,"column":29}},"18":{"start":{"line":71,"column":4},"end":{"line":71,"column":36}},"19":{"start":{"line":73,"column":4},"end":{"line":73,"column":16}},"20":{"start":{"line":83,"column":20},"end":{"line":83,"column":42}},"21":{"start":{"line":84,"column":4},"end":{"line":86,"column":5}},"22":{"start":{"line":85,"column":6},"end":{"line":85,"column":28}},"23":{"start":{"line":91,"column":24},"end":{"line":94,"column":16}},"24":{"start":{"line":93,"column":6},"end":{"line":93,"column":28}},"25":{"start":{"line":96,"column":4},"end":{"line":96,"column":30}},"26":{"start":{"line":97,"column":4},"end":{"line":97,"column":40}}},"fnMap":{"0":{"name":"(anonymous_0)","decl":{"start":{"line":12,"column":2},"end":{"line":12,"column":3}},"loc":{"start":{"line":12,"column":19},"end":{"line":19,"column":3}},"line":12},"1":{"name":"(anonymous_1)","decl":{"start":{"line":22,"column":2},"end":{"line":22,"column":3}},"loc":{"start":{"line":22,"column":15},"end":{"line":25,"column":3}},"line":22},"2":{"name":"(anonymous_2)","decl":{"start":{"line":27,"column":2},"end":{"line":27,"column":3}},"loc":{"start":{"line":27,"column":19},"end":{"line":41,"column":3}},"line":27},"3":{"name":"(anonymous_3)","decl":{"start":{"line":29,"column":16},"end":{"line":29,"column":17}},"loc":{"start":{"line":29,"column":22},"end":{"line":39,"column":7}},"line":29},"4":{"name":"(anonymous_4)","decl":{"start":{"line":46,"column":2},"end":{"line":46,"column":3}},"loc":{"start":{"line":46,"column":22},"end":{"line":74,"column":3}},"line":46},"5":{"name":"(anonymous_5)","decl":{"start":{"line":54,"column":10},"end":{"line":54,"column":11}},"loc":{"start":{"line":54,"column":21},"end":{"line":62,"column":7}},"line":54},"6":{"name":"(anonymous_6)","decl":{"start":{"line":79,"column":2},"end":{"line":79,"column":3}},"loc":{"start":{"line":79,"column":18},"end":{"line":98,"column":3}},"line":79},"7":{"name":"(anonymous_7)","decl":{"start":{"line":91,"column":35},"end":{"line":91,"column":36}},"loc":{"start":{"line":91,"column":41},"end":{"line":94,"column":5}},"line":91}},"branchMap":{"0":{"loc":{"start":{"line":32,"column":8},"end":{"line":34,"column":9}},"type":"if","locations":[{"start":{"line":32,"column":8},"end":{"line":34,"column":9}},{"start":{"line":32,"column":8},"end":{"line":34,"column":9}}],"line":32},"1":{"loc":{"start":{"line":49,"column":4},"end":{"line":51,"column":5}},"type":"if","locations":[{"start":{"line":49,"column":4},"end":{"line":51,"column":5}},{"start":{"line":49,"column":4},"end":{"line":51,"column":5}}],"line":49},"2":{"loc":{"start":{"line":84,"column":4},"end":{"line":86,"column":5}},"type":"if","locations":[{"start":{"line":84,"column":4},"end":{"line":86,"column":5}},{"start":{"line":84,"column":4},"end":{"line":86,"column":5}}],"line":84}},"s":{"0":8,"1":8,"2":8,"3":8,"4":8,"5":1,"6":1,"7":12,"8":13,"9":13,"10":1,"11":12,"12":12,"13":12,"14":1,"15":11,"16":11,"17":11,"18":11,"19":11,"20":11,"21":11,"22":2,"23":11,"24":2,"25":11,"26":11},"f":{"0":8,"1":1,"2":12,"3":13,"4":12,"5":11,"6":11,"7":2},"b":{"0":[1,12],"1":[1,11],"2":[2,9]},"_coverageSchema":"1a1c01bbd47fc00a2c39e90264f33305004495a9","hash":"e3046d9c65e22e51f39dae311548f9fe01e1ca8b"}
,"/Users/ivan/Projects/sourceface/apps/core/src/store/computeAttribute.js": {"path":"/Users/ivan/Projects/sourceface/apps/core/src/store/computeAttribute.js","statementMap":{"0":{"start":{"line":15,"column":30},"end":{"line":15,"column":42}},"1":{"start":{"line":16,"column":18},"end":{"line":16,"column":53}},"2":{"start":{"line":17,"column":20},"end":{"line":17,"column":56}},"3":{"start":{"line":22,"column":2},"end":{"line":24,"column":3}},"4":{"start":{"line":23,"column":4},"end":{"line":23,"column":21}},"5":{"start":{"line":26,"column":21},"end":{"line":50,"column":3}},"6":{"start":{"line":28,"column":44},"end":{"line":28,"column":78}},"7":{"start":{"line":30,"column":6},"end":{"line":39,"column":8}},"8":{"start":{"line":37,"column":10},"end":{"line":37,"column":51}},"9":{"start":{"line":52,"column":2},"end":{"line":52,"column":59}},"10":{"start":{"line":54,"column":2},"end":{"line":54,"column":20}}},"fnMap":{"0":{"name":"computeAttribute","decl":{"start":{"line":14,"column":24},"end":{"line":14,"column":40}},"loc":{"start":{"line":14,"column":77},"end":{"line":55,"column":1}},"line":14},"1":{"name":"(anonymous_1)","decl":{"start":{"line":27,"column":14},"end":{"line":27,"column":15}},"loc":{"start":{"line":27,"column":26},"end":{"line":40,"column":5}},"line":27},"2":{"name":"(anonymous_2)","decl":{"start":{"line":36,"column":12},"end":{"line":36,"column":13}},"loc":{"start":{"line":37,"column":10},"end":{"line":37,"column":51}},"line":37}},"branchMap":{"0":{"loc":{"start":{"line":22,"column":2},"end":{"line":24,"column":3}},"type":"if","locations":[{"start":{"line":22,"column":2},"end":{"line":24,"column":3}},{"start":{"line":22,"column":2},"end":{"line":24,"column":3}}],"line":22}},"s":{"0":15,"1":15,"2":15,"3":15,"4":1,"5":14,"6":14,"7":14,"8":16,"9":14,"10":14},"f":{"0":15,"1":14,"2":16},"b":{"0":[1,14]},"_coverageSchema":"1a1c01bbd47fc00a2c39e90264f33305004495a9","hash":"a163302e402de41fa30f60eada5f696b27df4313"}
,"/Users/ivan/Projects/sourceface/apps/core/src/store/computeRequirements.js": {"path":"/Users/ivan/Projects/sourceface/apps/core/src/store/computeRequirements.js","statementMap":{"0":{"start":{"line":11,"column":23},"end":{"line":11,"column":35}},"1":{"start":{"line":13,"column":20},"end":{"line":17,"column":3}},"2":{"start":{"line":15,"column":6},"end":{"line":15,"column":58}},"3":{"start":{"line":18,"column":22},"end":{"line":22,"column":3}},"4":{"start":{"line":20,"column":6},"end":{"line":20,"column":58}},"5":{"start":{"line":23,"column":17},"end":{"line":25,"column":3}},"6":{"start":{"line":24,"column":24},"end":{"line":24,"column":53}},"7":{"start":{"line":27,"column":2},"end":{"line":27,"column":57}},"8":{"start":{"line":36,"column":2},"end":{"line":36,"column":55}}},"fnMap":{"0":{"name":"computeRequirements","decl":{"start":{"line":5,"column":24},"end":{"line":5,"column":43}},"loc":{"start":{"line":10,"column":2},"end":{"line":28,"column":1}},"line":10},"1":{"name":"(anonymous_1)","decl":{"start":{"line":14,"column":18},"end":{"line":14,"column":19}},"loc":{"start":{"line":15,"column":6},"end":{"line":15,"column":58}},"line":15},"2":{"name":"(anonymous_2)","decl":{"start":{"line":19,"column":20},"end":{"line":19,"column":21}},"loc":{"start":{"line":20,"column":6},"end":{"line":20,"column":58}},"line":20},"3":{"name":"(anonymous_3)","decl":{"start":{"line":24,"column":15},"end":{"line":24,"column":16}},"loc":{"start":{"line":24,"column":24},"end":{"line":24,"column":53}},"line":24},"4":{"name":"combineSafe","decl":{"start":{"line":35,"column":16},"end":{"line":35,"column":27}},"loc":{"start":{"line":35,"column":35},"end":{"line":37,"column":1}},"line":35}},"branchMap":{"0":{"loc":{"start":{"line":36,"column":9},"end":{"line":36,"column":54}},"type":"cond-expr","locations":[{"start":{"line":36,"column":25},"end":{"line":36,"column":45}},{"start":{"line":36,"column":48},"end":{"line":36,"column":54}}],"line":36}},"s":{"0":22,"1":22,"2":3,"3":22,"4":2,"5":22,"6":4,"7":22,"8":66},"f":{"0":22,"1":3,"2":2,"3":4,"4":66},"b":{"0":[9,57]},"_coverageSchema":"1a1c01bbd47fc00a2c39e90264f33305004495a9","hash":"e6735f7a10249964c8655406d3eb0a299e7fe34f"}
,"/Users/ivan/Projects/sourceface/apps/core/src/store/computeSetting.js": {"path":"/Users/ivan/Projects/sourceface/apps/core/src/store/computeSetting.js","statementMap":{"0":{"start":{"line":12,"column":30},"end":{"line":12,"column":42}},"1":{"start":{"line":13,"column":18},"end":{"line":13,"column":53}},"2":{"start":{"line":14,"column":20},"end":{"line":14,"column":56}},"3":{"start":{"line":19,"column":2},"end":{"line":21,"column":3}},"4":{"start":{"line":20,"column":4},"end":{"line":20,"column":21}},"5":{"start":{"line":23,"column":19},"end":{"line":41,"column":3}},"6":{"start":{"line":25,"column":23},"end":{"line":25,"column":45}},"7":{"start":{"line":27,"column":6},"end":{"line":32,"column":7}},"8":{"start":{"line":28,"column":22},"end":{"line":28,"column":45}},"9":{"start":{"line":29,"column":29},"end":{"line":29,"column":70}},"10":{"start":{"line":31,"column":8},"end":{"line":31,"column":41}},"11":{"start":{"line":34,"column":6},"end":{"line":34,"column":76}},"12":{"start":{"line":43,"column":2},"end":{"line":43,"column":57}},"13":{"start":{"line":45,"column":2},"end":{"line":45,"column":18}},"14":{"start":{"line":49,"column":2},"end":{"line":51,"column":3}},"15":{"start":{"line":50,"column":4},"end":{"line":50,"column":55}},"16":{"start":{"line":50,"column":34},"end":{"line":50,"column":52}},"17":{"start":{"line":53,"column":26},"end":{"line":53,"column":34}},"18":{"start":{"line":55,"column":19},"end":{"line":57,"column":3}},"19":{"start":{"line":56,"column":23},"end":{"line":56,"column":67}},"20":{"start":{"line":59,"column":2},"end":{"line":59,"column":60}},"21":{"start":{"line":66,"column":23},"end":{"line":66,"column":35}},"22":{"start":{"line":67,"column":17},"end":{"line":67,"column":50}},"23":{"start":{"line":69,"column":2},"end":{"line":85,"column":4}},"24":{"start":{"line":71,"column":24},"end":{"line":71,"column":54}},"25":{"start":{"line":72,"column":22},"end":{"line":72,"column":40}},"26":{"start":{"line":74,"column":6},"end":{"line":76,"column":7}},"27":{"start":{"line":75,"column":8},"end":{"line":75,"column":51}},"28":{"start":{"line":78,"column":6},"end":{"line":83,"column":8}},"29":{"start":{"line":79,"column":23},"end":{"line":82,"column":9}},"30":{"start":{"line":92,"column":2},"end":{"line":92,"column":62}},"31":{"start":{"line":99,"column":22},"end":{"line":99,"column":27}},"32":{"start":{"line":101,"column":15},"end":{"line":121,"column":3}},"33":{"start":{"line":103,"column":6},"end":{"line":119,"column":7}},"34":{"start":{"line":109,"column":10},"end":{"line":115,"column":11}},"35":{"start":{"line":110,"column":12},"end":{"line":110,"column":33}},"36":{"start":{"line":114,"column":12},"end":{"line":114,"column":28}},"37":{"start":{"line":117,"column":10},"end":{"line":117,"column":20}},"38":{"start":{"line":123,"column":2},"end":{"line":133,"column":4}},"39":{"start":{"line":129,"column":6},"end":{"line":131,"column":7}},"40":{"start":{"line":130,"column":8},"end":{"line":130,"column":33}},"41":{"start":{"line":136,"column":15},"end":{"line":139,"column":1}}},"fnMap":{"0":{"name":"computeSetting","decl":{"start":{"line":11,"column":24},"end":{"line":11,"column":38}},"loc":{"start":{"line":11,"column":77},"end":{"line":46,"column":1}},"line":11},"1":{"name":"(anonymous_1)","decl":{"start":{"line":24,"column":14},"end":{"line":24,"column":15}},"loc":{"start":{"line":24,"column":26},"end":{"line":35,"column":5}},"line":24},"2":{"name":"computeStages","decl":{"start":{"line":48,"column":9},"end":{"line":48,"column":22}},"loc":{"start":{"line":48,"column":60},"end":{"line":60,"column":1}},"line":48},"3":{"name":"(anonymous_3)","decl":{"start":{"line":50,"column":25},"end":{"line":50,"column":26}},"loc":{"start":{"line":50,"column":34},"end":{"line":50,"column":52}},"line":50},"4":{"name":"(anonymous_4)","decl":{"start":{"line":56,"column":14},"end":{"line":56,"column":15}},"loc":{"start":{"line":56,"column":23},"end":{"line":56,"column":67}},"line":56},"5":{"name":"computeStage","decl":{"start":{"line":65,"column":9},"end":{"line":65,"column":21}},"loc":{"start":{"line":65,"column":57},"end":{"line":86,"column":1}},"line":65},"6":{"name":"(anonymous_6)","decl":{"start":{"line":70,"column":14},"end":{"line":70,"column":15}},"loc":{"start":{"line":70,"column":25},"end":{"line":84,"column":5}},"line":70},"7":{"name":"(anonymous_7)","decl":{"start":{"line":79,"column":12},"end":{"line":79,"column":13}},"loc":{"start":{"line":79,"column":23},"end":{"line":82,"column":9}},"line":79},"8":{"name":"computeValueStage","decl":{"start":{"line":91,"column":9},"end":{"line":91,"column":26}},"loc":{"start":{"line":91,"column":55},"end":{"line":93,"column":1}},"line":91},"9":{"name":"computeDictionaryStage","decl":{"start":{"line":98,"column":9},"end":{"line":98,"column":31}},"loc":{"start":{"line":98,"column":60},"end":{"line":134,"column":1}},"line":98},"10":{"name":"(anonymous_10)","decl":{"start":{"line":102,"column":4},"end":{"line":102,"column":5}},"loc":{"start":{"line":103,"column":6},"end":{"line":119,"column":7}},"line":103},"11":{"name":"(anonymous_11)","decl":{"start":{"line":104,"column":19},"end":{"line":104,"column":20}},"loc":{"start":{"line":104,"column":28},"end":{"line":118,"column":9}},"line":104},"12":{"name":"(anonymous_12)","decl":{"start":{"line":124,"column":8},"end":{"line":124,"column":9}},"loc":{"start":{"line":124,"column":14},"end":{"line":132,"column":5}},"line":124}},"branchMap":{"0":{"loc":{"start":{"line":19,"column":2},"end":{"line":21,"column":3}},"type":"if","locations":[{"start":{"line":19,"column":2},"end":{"line":21,"column":3}},{"start":{"line":19,"column":2},"end":{"line":21,"column":3}}],"line":19},"1":{"loc":{"start":{"line":27,"column":6},"end":{"line":32,"column":7}},"type":"if","locations":[{"start":{"line":27,"column":6},"end":{"line":32,"column":7}},{"start":{"line":27,"column":6},"end":{"line":32,"column":7}}],"line":27},"2":{"loc":{"start":{"line":31,"column":18},"end":{"line":31,"column":39}},"type":"binary-expr","locations":[{"start":{"line":31,"column":18},"end":{"line":31,"column":23}},{"start":{"line":31,"column":27},"end":{"line":31,"column":39}}],"line":31},"3":{"loc":{"start":{"line":49,"column":2},"end":{"line":51,"column":3}},"type":"if","locations":[{"start":{"line":49,"column":2},"end":{"line":51,"column":3}},{"start":{"line":49,"column":2},"end":{"line":51,"column":3}}],"line":49},"4":{"loc":{"start":{"line":74,"column":6},"end":{"line":76,"column":7}},"type":"if","locations":[{"start":{"line":74,"column":6},"end":{"line":76,"column":7}},{"start":{"line":74,"column":6},"end":{"line":76,"column":7}}],"line":74},"5":{"loc":{"start":{"line":109,"column":10},"end":{"line":115,"column":11}},"type":"if","locations":[{"start":{"line":109,"column":10},"end":{"line":115,"column":11}},{"start":{"line":109,"column":10},"end":{"line":115,"column":11}}],"line":109},"6":{"loc":{"start":{"line":129,"column":6},"end":{"line":131,"column":7}},"type":"if","locations":[{"start":{"line":129,"column":6},"end":{"line":131,"column":7}},{"start":{"line":129,"column":6},"end":{"line":131,"column":7}}],"line":129}},"s":{"0":35,"1":35,"2":35,"3":35,"4":1,"5":34,"6":34,"7":34,"8":4,"9":4,"10":4,"11":30,"12":34,"13":34,"14":61,"15":30,"16":24,"17":31,"18":31,"19":31,"20":31,"21":31,"22":31,"23":31,"24":31,"25":31,"26":31,"27":1,"28":30,"29":25,"30":27,"31":3,"32":3,"33":7,"34":3,"35":2,"36":2,"37":1,"38":3,"39":2,"40":1,"41":9},"f":{"0":35,"1":34,"2":61,"3":24,"4":31,"5":31,"6":31,"7":25,"8":27,"9":3,"10":7,"11":3,"12":2},"b":{"0":[1,34],"1":[4,30],"2":[4,1],"3":[30,31],"4":[1,30],"5":[2,1],"6":[1,1]},"_coverageSchema":"1a1c01bbd47fc00a2c39e90264f33305004495a9","hash":"75eb70fd64eb2f8b133bb9ec4e97fa09d56b23cd"}
,"/Users/ivan/Projects/sourceface/apps/core/src/store/computeValue.js": {"path":"/Users/ivan/Projects/sourceface/apps/core/src/store/computeValue.js","statementMap":{"0":{"start":{"line":15,"column":23},"end":{"line":15,"column":35}},"1":{"start":{"line":16,"column":17},"end":{"line":16,"column":50}},"2":{"start":{"line":18,"column":2},"end":{"line":24,"column":3}},"3":{"start":{"line":23,"column":4},"end":{"line":23,"column":67}},"4":{"start":{"line":26,"column":2},"end":{"line":37,"column":4}},"5":{"start":{"line":28,"column":25},"end":{"line":28,"column":52}},"6":{"start":{"line":29,"column":22},"end":{"line":29,"column":48}},"7":{"start":{"line":31,"column":6},"end":{"line":33,"column":7}},"8":{"start":{"line":32,"column":8},"end":{"line":32,"column":55}},"9":{"start":{"line":35,"column":6},"end":{"line":35,"column":66}},"10":{"start":{"line":44,"column":2},"end":{"line":44,"column":33}},"11":{"start":{"line":51,"column":19},"end":{"line":51,"column":50}},"12":{"start":{"line":52,"column":23},"end":{"line":52,"column":36}},"13":{"start":{"line":54,"column":2},"end":{"line":54,"column":67}},"14":{"start":{"line":61,"column":2},"end":{"line":61,"column":25}},"15":{"start":{"line":68,"column":19},"end":{"line":68,"column":32}},"16":{"start":{"line":70,"column":2},"end":{"line":70,"column":32}},"17":{"start":{"line":77,"column":19},"end":{"line":77,"column":50}},"18":{"start":{"line":79,"column":2},"end":{"line":79,"column":65}},"19":{"start":{"line":86,"column":25},"end":{"line":86,"column":38}},"20":{"start":{"line":87,"column":32},"end":{"line":87,"column":44}},"21":{"start":{"line":88,"column":32},"end":{"line":88,"column":45}},"22":{"start":{"line":90,"column":2},"end":{"line":121,"column":4}},"23":{"start":{"line":92,"column":6},"end":{"line":107,"column":7}},"24":{"start":{"line":93,"column":8},"end":{"line":106,"column":10}},"25":{"start":{"line":95,"column":12},"end":{"line":103,"column":13}},"26":{"start":{"line":99,"column":14},"end":{"line":102,"column":15}},"27":{"start":{"line":100,"column":30},"end":{"line":100,"column":60}},"28":{"start":{"line":101,"column":16},"end":{"line":101,"column":36}},"29":{"start":{"line":105,"column":23},"end":{"line":105,"column":31}},"30":{"start":{"line":109,"column":6},"end":{"line":117,"column":7}},"31":{"start":{"line":110,"column":19},"end":{"line":110,"column":45}},"32":{"start":{"line":111,"column":20},"end":{"line":111,"column":35}},"33":{"start":{"line":112,"column":22},"end":{"line":112,"column":57}},"34":{"start":{"line":114,"column":8},"end":{"line":116,"column":40}},"35":{"start":{"line":115,"column":28},"end":{"line":115,"column":59}},"36":{"start":{"line":116,"column":29},"end":{"line":116,"column":37}},"37":{"start":{"line":119,"column":6},"end":{"line":119,"column":50}},"38":{"start":{"line":128,"column":23},"end":{"line":128,"column":36}},"39":{"start":{"line":129,"column":19},"end":{"line":129,"column":50}},"40":{"start":{"line":130,"column":17},"end":{"line":130,"column":70}},"41":{"start":{"line":132,"column":2},"end":{"line":134,"column":4}},"42":{"start":{"line":142,"column":21},"end":{"line":142,"column":76}},"43":{"start":{"line":142,"column":34},"end":{"line":142,"column":76}},"44":{"start":{"line":143,"column":2},"end":{"line":143,"column":72}},"45":{"start":{"line":146,"column":19},"end":{"line":154,"column":1}}},"fnMap":{"0":{"name":"computeValue","decl":{"start":{"line":14,"column":24},"end":{"line":14,"column":36}},"loc":{"start":{"line":14,"column":67},"end":{"line":38,"column":1}},"line":14},"1":{"name":"(anonymous_1)","decl":{"start":{"line":27,"column":14},"end":{"line":27,"column":15}},"loc":{"start":{"line":27,"column":25},"end":{"line":36,"column":5}},"line":27},"2":{"name":"computeConstantValue","decl":{"start":{"line":43,"column":9},"end":{"line":43,"column":29}},"loc":{"start":{"line":43,"column":37},"end":{"line":45,"column":1}},"line":43},"3":{"name":"computeAttributeValue","decl":{"start":{"line":50,"column":9},"end":{"line":50,"column":30}},"loc":{"start":{"line":50,"column":59},"end":{"line":55,"column":1}},"line":50},"4":{"name":"computeInputValue","decl":{"start":{"line":60,"column":9},"end":{"line":60,"column":26}},"loc":{"start":{"line":60,"column":42},"end":{"line":62,"column":1}},"line":60},"5":{"name":"computeStageValue","decl":{"start":{"line":67,"column":9},"end":{"line":67,"column":26}},"loc":{"start":{"line":67,"column":41},"end":{"line":71,"column":1}},"line":67},"6":{"name":"computeMountValue","decl":{"start":{"line":76,"column":9},"end":{"line":76,"column":26}},"loc":{"start":{"line":76,"column":55},"end":{"line":80,"column":1}},"line":76},"7":{"name":"computeFutureValue","decl":{"start":{"line":85,"column":9},"end":{"line":85,"column":27}},"loc":{"start":{"line":85,"column":56},"end":{"line":122,"column":1}},"line":85},"8":{"name":"(anonymous_8)","decl":{"start":{"line":91,"column":14},"end":{"line":91,"column":15}},"loc":{"start":{"line":91,"column":24},"end":{"line":120,"column":5}},"line":91},"9":{"name":"(anonymous_9)","decl":{"start":{"line":94,"column":14},"end":{"line":94,"column":15}},"loc":{"start":{"line":94,"column":23},"end":{"line":104,"column":11}},"line":94},"10":{"name":"(anonymous_10)","decl":{"start":{"line":105,"column":14},"end":{"line":105,"column":15}},"loc":{"start":{"line":105,"column":23},"end":{"line":105,"column":31}},"line":105},"11":{"name":"(anonymous_11)","decl":{"start":{"line":115,"column":22},"end":{"line":115,"column":23}},"loc":{"start":{"line":115,"column":28},"end":{"line":115,"column":59}},"line":115},"12":{"name":"(anonymous_12)","decl":{"start":{"line":116,"column":20},"end":{"line":116,"column":21}},"loc":{"start":{"line":116,"column":29},"end":{"line":116,"column":37}},"line":116},"13":{"name":"computeMethodValue","decl":{"start":{"line":127,"column":9},"end":{"line":127,"column":27}},"loc":{"start":{"line":127,"column":56},"end":{"line":135,"column":1}},"line":127},"14":{"name":"computeFunctionArgs","decl":{"start":{"line":141,"column":9},"end":{"line":141,"column":28}},"loc":{"start":{"line":141,"column":56},"end":{"line":144,"column":1}},"line":141},"15":{"name":"(anonymous_15)","decl":{"start":{"line":142,"column":21},"end":{"line":142,"column":22}},"loc":{"start":{"line":142,"column":34},"end":{"line":142,"column":76}},"line":142}},"branchMap":{"0":{"loc":{"start":{"line":18,"column":2},"end":{"line":24,"column":3}},"type":"if","locations":[{"start":{"line":18,"column":2},"end":{"line":24,"column":3}},{"start":{"line":18,"column":2},"end":{"line":24,"column":3}}],"line":18},"1":{"loc":{"start":{"line":28,"column":34},"end":{"line":28,"column":50}},"type":"binary-expr","locations":[{"start":{"line":28,"column":34},"end":{"line":28,"column":44}},{"start":{"line":28,"column":48},"end":{"line":28,"column":50}}],"line":28},"2":{"loc":{"start":{"line":31,"column":6},"end":{"line":33,"column":7}},"type":"if","locations":[{"start":{"line":31,"column":6},"end":{"line":33,"column":7}},{"start":{"line":31,"column":6},"end":{"line":33,"column":7}}],"line":31},"3":{"loc":{"start":{"line":92,"column":6},"end":{"line":107,"column":7}},"type":"if","locations":[{"start":{"line":92,"column":6},"end":{"line":107,"column":7}},{"start":{"line":92,"column":6},"end":{"line":107,"column":7}}],"line":92},"4":{"loc":{"start":{"line":95,"column":12},"end":{"line":103,"column":13}},"type":"if","locations":[{"start":{"line":95,"column":12},"end":{"line":103,"column":13}},{"start":{"line":95,"column":12},"end":{"line":103,"column":13}}],"line":95},"5":{"loc":{"start":{"line":109,"column":6},"end":{"line":117,"column":7}},"type":"if","locations":[{"start":{"line":109,"column":6},"end":{"line":117,"column":7}},{"start":{"line":109,"column":6},"end":{"line":117,"column":7}}],"line":109},"6":{"loc":{"start":{"line":143,"column":9},"end":{"line":143,"column":71}},"type":"cond-expr","locations":[{"start":{"line":143,"column":16},"end":{"line":143,"column":62}},{"start":{"line":143,"column":65},"end":{"line":143,"column":71}}],"line":143}},"s":{"0":38,"1":38,"2":38,"3":1,"4":37,"5":36,"6":36,"7":36,"8":1,"9":35,"10":11,"11":4,"12":4,"13":4,"14":1,"15":1,"16":1,"17":1,"18":1,"19":16,"20":16,"21":16,"22":16,"23":16,"24":3,"25":2,"26":1,"27":2,"28":2,"29":2,"30":13,"31":12,"32":12,"33":12,"34":12,"35":11,"36":13,"37":1,"38":1,"39":1,"40":1,"41":1,"42":17,"43":4,"44":17,"45":9},"f":{"0":38,"1":36,"2":11,"3":4,"4":1,"5":1,"6":1,"7":16,"8":16,"9":2,"10":2,"11":11,"12":13,"13":1,"14":17,"15":4},"b":{"0":[1,37],"1":[36,35],"2":[1,35],"3":[3,13],"4":[1,1],"5":[12,1],"6":[4,13]},"_coverageSchema":"1a1c01bbd47fc00a2c39e90264f33305004495a9","hash":"5876b886c02538b7b1f87e7d48a152094fc0f167"}
,"/Users/ivan/Projects/sourceface/apps/core/src/store/createMethod.js": {"path":"/Users/ivan/Projects/sourceface/apps/core/src/store/createMethod.js","statementMap":{"0":{"start":{"line":11,"column":30},"end":{"line":11,"column":42}},"1":{"start":{"line":12,"column":18},"end":{"line":12,"column":53}},"2":{"start":{"line":14,"column":2},"end":{"line":49,"column":4}},"3":{"start":{"line":15,"column":4},"end":{"line":48,"column":6}},"4":{"start":{"line":17,"column":42},"end":{"line":17,"column":73}},"5":{"start":{"line":19,"column":8},"end":{"line":46,"column":10}},"6":{"start":{"line":26,"column":27},"end":{"line":27,"column":61}},"7":{"start":{"line":27,"column":14},"end":{"line":27,"column":61}},"8":{"start":{"line":29,"column":27},"end":{"line":34,"column":14}},"9":{"start":{"line":40,"column":12},"end":{"line":42,"column":13}},"10":{"start":{"line":41,"column":14},"end":{"line":41,"column":34}},"11":{"start":{"line":44,"column":12},"end":{"line":44,"column":30}}},"fnMap":{"0":{"name":"createMethod","decl":{"start":{"line":10,"column":24},"end":{"line":10,"column":36}},"loc":{"start":{"line":10,"column":73},"end":{"line":50,"column":1}},"line":10},"1":{"name":"(anonymous_1)","decl":{"start":{"line":14,"column":9},"end":{"line":14,"column":10}},"loc":{"start":{"line":14,"column":19},"end":{"line":49,"column":3}},"line":14},"2":{"name":"(anonymous_2)","decl":{"start":{"line":16,"column":16},"end":{"line":16,"column":17}},"loc":{"start":{"line":16,"column":28},"end":{"line":47,"column":7}},"line":16},"3":{"name":"(anonymous_3)","decl":{"start":{"line":25,"column":20},"end":{"line":25,"column":21}},"loc":{"start":{"line":25,"column":55},"end":{"line":45,"column":11}},"line":25},"4":{"name":"(anonymous_4)","decl":{"start":{"line":26,"column":27},"end":{"line":26,"column":28}},"loc":{"start":{"line":27,"column":14},"end":{"line":27,"column":61}},"line":27}},"branchMap":{"0":{"loc":{"start":{"line":40,"column":12},"end":{"line":42,"column":13}},"type":"if","locations":[{"start":{"line":40,"column":12},"end":{"line":42,"column":13}},{"start":{"line":40,"column":12},"end":{"line":42,"column":13}}],"line":40}},"s":{"0":8,"1":8,"2":8,"3":8,"4":8,"5":8,"6":8,"7":1,"8":8,"9":8,"10":1,"11":7},"f":{"0":8,"1":8,"2":8,"3":8,"4":1},"b":{"0":[1,7]},"_coverageSchema":"1a1c01bbd47fc00a2c39e90264f33305004495a9","hash":"2ebeb67d71ed45659b5991331ebda53dbd7bc715"}
,"/Users/ivan/Projects/sourceface/apps/core/src/store/createRegistry.js": {"path":"/Users/ivan/Projects/sourceface/apps/core/src/store/createRegistry.js","statementMap":{"0":{"start":{"line":10,"column":63},"end":{"line":10,"column":69}},"1":{"start":{"line":12,"column":2},"end":{"line":23,"column":4}},"2":{"start":{"line":30,"column":20},"end":{"line":30,"column":33}},"3":{"start":{"line":32,"column":2},"end":{"line":47,"column":9}},"4":{"start":{"line":33,"column":19},"end":{"line":33,"column":36}},"5":{"start":{"line":34,"column":29},"end":{"line":34,"column":47}},"6":{"start":{"line":36,"column":4},"end":{"line":38,"column":5}},"7":{"start":{"line":37,"column":6},"end":{"line":37,"column":17}},"8":{"start":{"line":40,"column":4},"end":{"line":46,"column":6}},"9":{"start":{"line":43,"column":26},"end":{"line":43,"column":59}},"10":{"start":{"line":54,"column":2},"end":{"line":54,"column":24}},"11":{"start":{"line":61,"column":16},"end":{"line":73,"column":8}},"12":{"start":{"line":62,"column":19},"end":{"line":62,"column":36}},"13":{"start":{"line":66,"column":21},"end":{"line":66,"column":43}},"14":{"start":{"line":67,"column":17},"end":{"line":67,"column":36}},"15":{"start":{"line":69,"column":4},"end":{"line":72,"column":6}},"16":{"start":{"line":75,"column":2},"end":{"line":75,"column":24}}},"fnMap":{"0":{"name":"createRegistry","decl":{"start":{"line":9,"column":24},"end":{"line":9,"column":38}},"loc":{"start":{"line":9,"column":69},"end":{"line":24,"column":1}},"line":9},"1":{"name":"populateAtoms","decl":{"start":{"line":29,"column":9},"end":{"line":29,"column":22}},"loc":{"start":{"line":29,"column":39},"end":{"line":48,"column":1}},"line":29},"2":{"name":"(anonymous_2)","decl":{"start":{"line":32,"column":26},"end":{"line":32,"column":27}},"loc":{"start":{"line":32,"column":45},"end":{"line":47,"column":3}},"line":32},"3":{"name":"(anonymous_3)","decl":{"start":{"line":43,"column":8},"end":{"line":43,"column":9}},"loc":{"start":{"line":43,"column":26},"end":{"line":43,"column":59}},"line":43},"4":{"name":"populateEntity","decl":{"start":{"line":53,"column":9},"end":{"line":53,"column":23}},"loc":{"start":{"line":53,"column":31},"end":{"line":55,"column":1}},"line":53},"5":{"name":"populateIds","decl":{"start":{"line":60,"column":9},"end":{"line":60,"column":20}},"loc":{"start":{"line":60,"column":30},"end":{"line":76,"column":1}},"line":60},"6":{"name":"(anonymous_6)","decl":{"start":{"line":61,"column":37},"end":{"line":61,"column":38}},"loc":{"start":{"line":61,"column":56},"end":{"line":73,"column":3}},"line":61}},"branchMap":{"0":{"loc":{"start":{"line":9,"column":56},"end":{"line":9,"column":67}},"type":"default-arg","locations":[{"start":{"line":9,"column":65},"end":{"line":9,"column":67}}],"line":9},"1":{"loc":{"start":{"line":10,"column":10},"end":{"line":10,"column":58}},"type":"default-arg","locations":[{"start":{"line":10,"column":25},"end":{"line":10,"column":58}}],"line":10},"2":{"loc":{"start":{"line":36,"column":4},"end":{"line":38,"column":5}},"type":"if","locations":[{"start":{"line":36,"column":4},"end":{"line":38,"column":5}},{"start":{"line":36,"column":4},"end":{"line":38,"column":5}}],"line":36},"3":{"loc":{"start":{"line":66,"column":21},"end":{"line":66,"column":43}},"type":"binary-expr","locations":[{"start":{"line":66,"column":21},"end":{"line":66,"column":36}},{"start":{"line":66,"column":40},"end":{"line":66,"column":43}}],"line":66},"4":{"loc":{"start":{"line":67,"column":17},"end":{"line":67,"column":36}},"type":"binary-expr","locations":[{"start":{"line":67,"column":17},"end":{"line":67,"column":30}},{"start":{"line":67,"column":34},"end":{"line":67,"column":36}}],"line":67}},"s":{"0":48,"1":48,"2":48,"3":48,"4":68,"5":68,"6":68,"7":58,"8":10,"9":12,"10":144,"11":48,"12":68,"13":68,"14":68,"15":68,"16":48},"f":{"0":48,"1":48,"2":68,"3":12,"4":144,"5":48,"6":68},"b":{"0":[47],"1":[47],"2":[58,10],"3":[68,65],"4":[68,49]},"_coverageSchema":"1a1c01bbd47fc00a2c39e90264f33305004495a9","hash":"d7a8d8abf768dcbbc89e47dc73cea71e2186b271"}
,"/Users/ivan/Projects/sourceface/apps/core/src/store/createStore.js": {"path":"/Users/ivan/Projects/sourceface/apps/core/src/store/createStore.js","statementMap":{"0":{"start":{"line":13,"column":19},"end":{"line":13,"column":58}},"1":{"start":{"line":14,"column":23},"end":{"line":14,"column":51}},"2":{"start":{"line":16,"column":2},"end":{"line":50,"column":4}},"3":{"start":{"line":19,"column":8},"end":{"line":19,"column":68}},"4":{"start":{"line":22,"column":8},"end":{"line":22,"column":72}},"5":{"start":{"line":25,"column":8},"end":{"line":25,"column":45}},"6":{"start":{"line":28,"column":8},"end":{"line":28,"column":45}},"7":{"start":{"line":31,"column":8},"end":{"line":31,"column":51}},"8":{"start":{"line":38,"column":8},"end":{"line":38,"column":68}},"9":{"start":{"line":41,"column":8},"end":{"line":41,"column":79}},"10":{"start":{"line":44,"column":8},"end":{"line":44,"column":66}},"11":{"start":{"line":47,"column":8},"end":{"line":47,"column":63}}},"fnMap":{"0":{"name":"createStore","decl":{"start":{"line":12,"column":24},"end":{"line":12,"column":35}},"loc":{"start":{"line":12,"column":70},"end":{"line":51,"column":1}},"line":12},"1":{"name":"(anonymous_1)","decl":{"start":{"line":18,"column":6},"end":{"line":18,"column":7}},"loc":{"start":{"line":18,"column":38},"end":{"line":20,"column":7}},"line":18},"2":{"name":"(anonymous_2)","decl":{"start":{"line":21,"column":6},"end":{"line":21,"column":7}},"loc":{"start":{"line":21,"column":31},"end":{"line":23,"column":7}},"line":21},"3":{"name":"(anonymous_3)","decl":{"start":{"line":24,"column":6},"end":{"line":24,"column":7}},"loc":{"start":{"line":24,"column":26},"end":{"line":26,"column":7}},"line":24},"4":{"name":"(anonymous_4)","decl":{"start":{"line":27,"column":6},"end":{"line":27,"column":7}},"loc":{"start":{"line":27,"column":24},"end":{"line":29,"column":7}},"line":27},"5":{"name":"(anonymous_5)","decl":{"start":{"line":30,"column":6},"end":{"line":30,"column":7}},"loc":{"start":{"line":30,"column":23},"end":{"line":32,"column":7}},"line":30},"6":{"name":"(anonymous_6)","decl":{"start":{"line":37,"column":6},"end":{"line":37,"column":7}},"loc":{"start":{"line":37,"column":28},"end":{"line":39,"column":7}},"line":37},"7":{"name":"(anonymous_7)","decl":{"start":{"line":40,"column":6},"end":{"line":40,"column":7}},"loc":{"start":{"line":40,"column":38},"end":{"line":42,"column":7}},"line":40},"8":{"name":"(anonymous_8)","decl":{"start":{"line":43,"column":6},"end":{"line":43,"column":7}},"loc":{"start":{"line":43,"column":43},"end":{"line":45,"column":7}},"line":43},"9":{"name":"(anonymous_9)","decl":{"start":{"line":46,"column":6},"end":{"line":46,"column":7}},"loc":{"start":{"line":46,"column":40},"end":{"line":48,"column":7}},"line":46}},"branchMap":{"0":{"loc":{"start":{"line":28,"column":28},"end":{"line":28,"column":43}},"type":"binary-expr","locations":[{"start":{"line":28,"column":28},"end":{"line":28,"column":36}},{"start":{"line":28,"column":40},"end":{"line":28,"column":43}}],"line":28}},"s":{"0":48,"1":48,"2":48,"3":28,"4":9,"5":8,"6":2,"7":1,"8":7,"9":3,"10":4,"11":2},"f":{"0":48,"1":28,"2":9,"3":8,"4":2,"5":1,"6":7,"7":3,"8":4,"9":2},"b":{"0":[2,1]},"_coverageSchema":"1a1c01bbd47fc00a2c39e90264f33305004495a9","hash":"37b00ad47d29e6f8bdb483f79257469a846a5b5e"}
,"/Users/ivan/Projects/sourceface/apps/core/src/store/fakes.js": {"path":"/Users/ivan/Projects/sourceface/apps/core/src/store/fakes.js","statementMap":{"0":{"start":{"line":8,"column":19},"end":{"line":8,"column":37}},"1":{"start":{"line":9,"column":16},"end":{"line":9,"column":31}},"2":{"start":{"line":10,"column":18},"end":{"line":10,"column":35}},"3":{"start":{"line":12,"column":17},"end":{"line":20,"column":5}},"4":{"start":{"line":13,"column":4},"end":{"line":20,"column":5}},"5":{"start":{"line":22,"column":2},"end":{"line":29,"column":4}},"6":{"start":{"line":33,"column":2},"end":{"line":35,"column":5}},"7":{"start":{"line":34,"column":4},"end":{"line":34,"column":37}},"8":{"start":{"line":39,"column":2},"end":{"line":39,"column":34}},"9":{"start":{"line":43,"column":15},"end":{"line":43,"column":17}},"10":{"start":{"line":45,"column":2},"end":{"line":53,"column":4}},"11":{"start":{"line":47,"column":6},"end":{"line":47,"column":24}},"12":{"start":{"line":55,"column":2},"end":{"line":55,"column":16}}},"fnMap":{"0":{"name":"init","decl":{"start":{"line":7,"column":16},"end":{"line":7,"column":20}},"loc":{"start":{"line":7,"column":23},"end":{"line":30,"column":1}},"line":7},"1":{"name":"(anonymous_1)","decl":{"start":{"line":12,"column":17},"end":{"line":12,"column":18}},"loc":{"start":{"line":13,"column":4},"end":{"line":20,"column":5}},"line":13},"2":{"name":"toPromise","decl":{"start":{"line":32,"column":16},"end":{"line":32,"column":25}},"loc":{"start":{"line":32,"column":33},"end":{"line":36,"column":1}},"line":32},"3":{"name":"(anonymous_3)","decl":{"start":{"line":33,"column":21},"end":{"line":33,"column":22}},"loc":{"start":{"line":33,"column":42},"end":{"line":35,"column":3}},"line":33},"4":{"name":"toSync","decl":{"start":{"line":38,"column":16},"end":{"line":38,"column":22}},"loc":{"start":{"line":38,"column":30},"end":{"line":40,"column":1}},"line":38},"5":{"name":"toSyncSequence","decl":{"start":{"line":42,"column":16},"end":{"line":42,"column":30}},"loc":{"start":{"line":42,"column":38},"end":{"line":56,"column":1}},"line":42},"6":{"name":"(anonymous_6)","decl":{"start":{"line":46,"column":4},"end":{"line":46,"column":5}},"loc":{"start":{"line":46,"column":14},"end":{"line":48,"column":5}},"line":46},"7":{"name":"(anonymous_7)","decl":{"start":{"line":49,"column":4},"end":{"line":49,"column":5}},"loc":{"start":{"line":49,"column":13},"end":{"line":52,"column":5}},"line":49}},"branchMap":{"0":{"loc":{"start":{"line":12,"column":18},"end":{"line":12,"column":37}},"type":"default-arg","locations":[{"start":{"line":12,"column":35},"end":{"line":12,"column":37}}],"line":12},"1":{"loc":{"start":{"line":17,"column":6},"end":{"line":19,"column":7}},"type":"binary-expr","locations":[{"start":{"line":17,"column":6},"end":{"line":17,"column":16}},{"start":{"line":17,"column":20},"end":{"line":19,"column":7}}],"line":17}},"s":{"0":48,"1":48,"2":48,"3":48,"4":48,"5":48,"6":11,"7":11,"8":32,"9":35,"10":35,"11":36,"12":35},"f":{"0":48,"1":48,"2":11,"3":11,"4":32,"5":35,"6":36,"7":0},"b":{"0":[47],"1":[48,1]},"_coverageSchema":"1a1c01bbd47fc00a2c39e90264f33305004495a9","hash":"b0baee44695e65c100a9f1265a402c4c78136d0e"}
,"/Users/ivan/Projects/sourceface/apps/core/src/store/index.js": {"path":"/Users/ivan/Projects/sourceface/apps/core/src/store/index.js","statementMap":{},"fnMap":{},"branchMap":{},"s":{},"f":{},"b":{},"_coverageSchema":"1a1c01bbd47fc00a2c39e90264f33305004495a9","hash":"12946156e1114671f7b3f6699ed0e00c5e0a2881"}
,"/Users/ivan/Projects/sourceface/apps/core/src/store/interruption.js": {"path":"/Users/ivan/Projects/sourceface/apps/core/src/store/interruption.js","statementMap":{},"fnMap":{},"branchMap":{},"s":{},"f":{},"b":{},"_coverageSchema":"1a1c01bbd47fc00a2c39e90264f33305004495a9","hash":"11fc1941a8ccf3c2306a93e82b6aac72d7deaf10"}
,"/Users/ivan/Projects/sourceface/apps/core/src/store/updateAtom.js": {"path":"/Users/ivan/Projects/sourceface/apps/core/src/store/updateAtom.js","statementMap":{"0":{"start":{"line":5,"column":16},"end":{"line":5,"column":45}},"1":{"start":{"line":7,"column":2},"end":{"line":23,"column":3}},"2":{"start":{"line":14,"column":4},"end":{"line":18,"column":21}},"3":{"start":{"line":16,"column":8},"end":{"line":16,"column":21}},"4":{"start":{"line":20,"column":4},"end":{"line":20,"column":32}},"5":{"start":{"line":22,"column":4},"end":{"line":22,"column":11}},"6":{"start":{"line":25,"column":2},"end":{"line":25,"column":24}}},"fnMap":{"0":{"name":"updateAtom","decl":{"start":{"line":4,"column":24},"end":{"line":4,"column":34}},"loc":{"start":{"line":4,"column":75},"end":{"line":26,"column":1}},"line":4},"1":{"name":"(anonymous_1)","decl":{"start":{"line":15,"column":17},"end":{"line":15,"column":18}},"loc":{"start":{"line":15,"column":28},"end":{"line":17,"column":7}},"line":15}},"branchMap":{"0":{"loc":{"start":{"line":7,"column":2},"end":{"line":23,"column":3}},"type":"if","locations":[{"start":{"line":7,"column":2},"end":{"line":23,"column":3}},{"start":{"line":7,"column":2},"end":{"line":23,"column":3}}],"line":7}},"s":{"0":4,"1":4,"2":1,"3":1,"4":1,"5":1,"6":3},"f":{"0":4,"1":1},"b":{"0":[1,3]},"_coverageSchema":"1a1c01bbd47fc00a2c39e90264f33305004495a9","hash":"f87cf91b456598db870e913334c392df520f0f2d"}
,"/Users/ivan/Projects/sourceface/apps/core/src/store/updateAtoms.js": {"path":"/Users/ivan/Projects/sourceface/apps/core/src/store/updateAtoms.js","statementMap":{"0":{"start":{"line":7,"column":23},"end":{"line":7,"column":35}},"1":{"start":{"line":9,"column":2},"end":{"line":21,"column":3}},"2":{"start":{"line":12,"column":4},"end":{"line":16,"column":21}},"3":{"start":{"line":14,"column":8},"end":{"line":14,"column":28}},"4":{"start":{"line":18,"column":4},"end":{"line":18,"column":64}},"5":{"start":{"line":20,"column":4},"end":{"line":20,"column":11}},"6":{"start":{"line":23,"column":2},"end":{"line":26,"column":3}},"7":{"start":{"line":24,"column":22},"end":{"line":24,"column":37}},"8":{"start":{"line":25,"column":4},"end":{"line":25,"column":50}}},"fnMap":{"0":{"name":"updateAtoms","decl":{"start":{"line":6,"column":24},"end":{"line":6,"column":35}},"loc":{"start":{"line":6,"column":72},"end":{"line":27,"column":1}},"line":6},"1":{"name":"(anonymous_1)","decl":{"start":{"line":13,"column":17},"end":{"line":13,"column":18}},"loc":{"start":{"line":13,"column":29},"end":{"line":15,"column":7}},"line":13}},"branchMap":{"0":{"loc":{"start":{"line":9,"column":2},"end":{"line":21,"column":3}},"type":"if","locations":[{"start":{"line":9,"column":2},"end":{"line":21,"column":3}},{"start":{"line":9,"column":2},"end":{"line":21,"column":3}}],"line":9}},"s":{"0":4,"1":4,"2":1,"3":1,"4":1,"5":1,"6":3,"7":5,"8":5},"f":{"0":4,"1":1},"b":{"0":[1,3]},"_coverageSchema":"1a1c01bbd47fc00a2c39e90264f33305004495a9","hash":"0c5aceee9dad8dfc929829a6a74263772f0b0a51"}
,"/Users/ivan/Projects/sourceface/apps/core/src/store/utils.js": {"path":"/Users/ivan/Projects/sourceface/apps/core/src/store/utils.js","statementMap":{"0":{"start":{"line":5,"column":19},"end":{"line":5,"column":56}},"1":{"start":{"line":5,"column":32},"end":{"line":5,"column":56}},"2":{"start":{"line":7,"column":33},"end":{"line":7,"column":64}},"3":{"start":{"line":7,"column":42},"end":{"line":7,"column":64}},"4":{"start":{"line":10,"column":2},"end":{"line":24,"column":5}},"5":{"start":{"line":11,"column":23},"end":{"line":23,"column":5}},"6":{"start":{"line":16,"column":8},"end":{"line":16,"column":33}},"7":{"start":{"line":18,"column":8},"end":{"line":18,"column":24}},"8":{"start":{"line":21,"column":8},"end":{"line":21,"column":20}}},"fnMap":{"0":{"name":"(anonymous_0)","decl":{"start":{"line":5,"column":19},"end":{"line":5,"column":20}},"loc":{"start":{"line":5,"column":32},"end":{"line":5,"column":56}},"line":5},"1":{"name":"(anonymous_1)","decl":{"start":{"line":7,"column":33},"end":{"line":7,"column":34}},"loc":{"start":{"line":7,"column":42},"end":{"line":7,"column":64}},"line":7},"2":{"name":"toPromise","decl":{"start":{"line":9,"column":16},"end":{"line":9,"column":25}},"loc":{"start":{"line":9,"column":34},"end":{"line":25,"column":1}},"line":9},"3":{"name":"(anonymous_3)","decl":{"start":{"line":10,"column":21},"end":{"line":10,"column":22}},"loc":{"start":{"line":10,"column":42},"end":{"line":24,"column":3}},"line":10},"4":{"name":"(anonymous_4)","decl":{"start":{"line":12,"column":6},"end":{"line":12,"column":7}},"loc":{"start":{"line":12,"column":18},"end":{"line":19,"column":7}},"line":12},"5":{"name":"(anonymous_5)","decl":{"start":{"line":20,"column":6},"end":{"line":20,"column":7}},"loc":{"start":{"line":20,"column":15},"end":{"line":22,"column":7}},"line":20}},"branchMap":{},"s":{"0":9,"1":48,"2":9,"3":48,"4":3,"5":3,"6":2,"7":2,"8":1},"f":{"0":48,"1":48,"2":3,"3":3,"4":2,"5":1},"b":{},"_coverageSchema":"1a1c01bbd47fc00a2c39e90264f33305004495a9","hash":"d77b73ef79e39065e7751b5152c9dd3f667cf1a1"}
,"/Users/ivan/Projects/sourceface/apps/core/src/store/version.js": {"path":"/Users/ivan/Projects/sourceface/apps/core/src/store/version.js","statementMap":{"0":{"start":{"line":12,"column":4},"end":{"line":12,"column":13}},"1":{"start":{"line":17,"column":4},"end":{"line":19,"column":21}},"2":{"start":{"line":18,"column":6},"end":{"line":18,"column":22}},"3":{"start":{"line":21,"column":4},"end":{"line":21,"column":27}}},"fnMap":{"0":{"name":"(anonymous_0)","decl":{"start":{"line":8,"column":2},"end":{"line":8,"column":3}},"loc":{"start":{"line":8,"column":16},"end":{"line":13,"column":3}},"line":8},"1":{"name":"(anonymous_1)","decl":{"start":{"line":15,"column":2},"end":{"line":15,"column":3}},"loc":{"start":{"line":15,"column":14},"end":{"line":22,"column":3}},"line":15},"2":{"name":"(anonymous_2)","decl":{"start":{"line":17,"column":19},"end":{"line":17,"column":20}},"loc":{"start":{"line":17,"column":30},"end":{"line":19,"column":5}},"line":17}},"branchMap":{},"s":{"0":8,"1":1,"2":1,"3":1},"f":{"0":8,"1":1,"2":1},"b":{},"_coverageSchema":"1a1c01bbd47fc00a2c39e90264f33305004495a9","hash":"87b97aa34cb9b8e1cc623e9d1b941838c7b1448f"}
}
