TN:
SF:src/store/computeAttribute.js
FN:15,computeAttribute
FN:28,(anonymous_1)
FN:33,(anonymous_2)
FN:36,(anonymous_3)
FN:39,(anonymous_4)
FN:43,(anonymous_5)
FN:69,combineSafe
FNF:7
FNH:7
FNDA:11,computeAttribute
FNDA:10,(anonymous_1)
FNDA:2,(anonymous_2)
FNDA:1,(anonymous_3)
FNDA:3,(anonymous_4)
FNDA:12,(anonymous_5)
FNDA:30,combineSafe
DA:16,11
DA:17,11
DA:18,11
DA:23,11
DA:24,1
DA:27,10
DA:30,10
DA:32,10
DA:33,2
DA:35,10
DA:36,1
DA:38,10
DA:39,3
DA:42,10
DA:44,12
DA:59,10
DA:61,10
DA:70,30
LF:18
LH:18
BRDA:23,0,0,1
BRDA:23,0,1,10
BRDA:70,1,0,6
BRDA:70,1,1,24
BRF:4
BRH:4
end_of_record
TN:
SF:src/store/computeSetting.js
FN:10,computeSetting
FN:23,(anonymous_1)
FN:46,computeStages
FN:60,computeStage
FN:65,(anonymous_4)
FNF:5
FNH:5
FNDA:13,computeSetting
FNDA:12,(anonymous_1)
FNDA:16,computeStages
FNDA:8,computeStage
FNDA:8,(anonymous_4)
DA:11,13
DA:12,13
DA:13,13
DA:18,13
DA:19,1
DA:22,12
DA:24,12
DA:26,12
DA:27,4
DA:28,4
DA:30,4
DA:33,8
DA:41,12
DA:43,12
DA:47,16
DA:48,8
DA:51,8
DA:53,8
DA:54,8
DA:61,8
DA:62,8
DA:64,8
DA:66,8
DA:67,7
DA:70,1
LF:25
LH:25
BRDA:18,0,0,1
BRDA:18,0,1,12
BRDA:26,1,0,4
BRDA:26,1,1,8
BRDA:30,2,0,4
BRDA:30,2,1,1
BRDA:47,3,0,8
BRDA:47,3,1,8
BRDA:66,4,0,7
BRDA:66,4,1,1
BRF:10
BRH:10
end_of_record
TN:
SF:src/store/computeValue.js
FN:9,computeValue
FN:22,(anonymous_1)
FN:38,computeConstantValue
FN:45,computeAttributeValue
FN:55,computeFutureValue
FN:61,(anonymous_5)
FN:66,(anonymous_6)
FN:74,computeFunctionArgs
FN:75,(anonymous_8)
FNF:9
FNH:9
FNDA:8,computeValue
FNDA:7,(anonymous_1)
FNDA:3,computeConstantValue
FNDA:1,computeAttributeValue
FNDA:2,computeFutureValue
FNDA:2,(anonymous_5)
FNDA:2,(anonymous_6)
FNDA:2,computeFunctionArgs
FNDA:1,(anonymous_8)
DA:10,8
DA:11,8
DA:13,8
DA:18,1
DA:21,7
DA:23,7
DA:24,7
DA:26,7
DA:27,1
DA:30,6
DA:39,3
DA:46,1
DA:47,1
DA:49,1
DA:56,2
DA:57,2
DA:60,2
DA:66,2
DA:75,2
DA:76,2
DA:79,6
LF:21
LH:21
BRDA:13,0,0,1
BRDA:13,0,1,7
BRDA:23,1,0,7
BRDA:23,1,1,7
BRDA:26,2,0,1
BRDA:26,2,1,6
BRDA:76,3,0,1
BRDA:76,3,1,1
BRF:8
BRH:8
end_of_record
TN:
SF:src/store/createRegistry.js
FN:8,createRegistry
FN:25,populateAtoms
FN:28,(anonymous_2)
FN:39,(anonymous_3)
FN:49,populateEntity
FN:58,populateIds
FNF:6
FNH:6
FNDA:22,createRegistry
FNDA:22,populateAtoms
FNDA:26,(anonymous_2)
FNDA:5,(anonymous_3)
FNDA:66,populateEntity
FNDA:22,populateIds
DA:9,22
DA:26,22
DA:28,22
DA:29,26
DA:30,26
DA:32,26
DA:33,21
DA:36,5
DA:39,5
DA:50,66
DA:59,22
LF:11
LH:11
BRDA:32,0,0,21
BRDA:32,0,1,5
BRF:2
BRH:2
end_of_record
TN:
SF:src/store/createStore.js
FN:8,createStore
FN:14,(anonymous_1)
FN:17,(anonymous_2)
FN:20,(anonymous_3)
FN:23,(anonymous_4)
FN:26,(anonymous_5)
FN:31,(anonymous_6)
FNF:7
FNH:7
FNDA:22,createStore
FNDA:11,(anonymous_1)
FNDA:9,(anonymous_2)
FNDA:2,(anonymous_3)
FNDA:1,(anonymous_4)
FNDA:1,(anonymous_5)
FNDA:3,(anonymous_6)
DA:9,22
DA:10,22
DA:12,22
DA:15,11
DA:18,9
DA:21,2
DA:24,1
DA:27,1
DA:32,3
LF:9
LH:9
BRF:0
BRH:0
end_of_record
TN:
SF:src/store/fakes.js
FN:7,init
FN:12,(anonymous_1)
FNF:2
FNH:2
FNDA:22,init
FNDA:22,(anonymous_1)
DA:8,22
DA:9,22
DA:10,22
DA:12,22
DA:13,22
DA:15,22
LF:6
LH:6
BRF:0
BRH:0
end_of_record
TN:
SF:src/store/index.js
FNF:0
FNH:0
LF:0
LH:0
BRF:0
BRH:0
end_of_record
TN:
SF:src/store/utils.js
FN:3,(anonymous_0)
FNF:1
FNH:1
FNDA:22,(anonymous_0)
DA:3,22
LF:1
LH:1
BRF:0
BRH:0
end_of_record
