TN:
SF:src/store/bucket.js
FN:8,(anonymous_0)
FN:13,(anonymous_1)
FN:25,(anonymous_2)
FN:30,(anonymous_3)
FNF:4
FNH:4
FNDA:44,(anonymous_0)
FNDA:11,(anonymous_1)
FNDA:1,(anonymous_2)
FNDA:12,(anonymous_3)
DA:9,44
DA:10,44
DA:14,11
DA:15,11
DA:17,11
DA:18,8
DA:19,8
DA:22,11
DA:26,1
DA:27,1
DA:31,12
LF:11
LH:11
BRDA:17,0,0,8
BRDA:17,0,1,3
BRF:2
BRH:2
end_of_record
TN:
SF:src/store/cache.js
FN:6,(anonymous_0)
FN:12,(anonymous_1)
FN:17,(anonymous_2)
FN:31,(anonymous_3)
FN:40,(anonymous_4)
FNF:5
FNH:5
FNDA:44,(anonymous_0)
FNDA:11,(anonymous_1)
FNDA:10,(anonymous_2)
FNDA:2,(anonymous_3)
FNDA:21,(anonymous_4)
DA:7,44
DA:8,44
DA:9,44
DA:13,11
DA:14,11
DA:18,10
DA:23,10
DA:24,10
DA:25,1
DA:31,10
DA:32,2
DA:35,10
DA:36,10
DA:41,21
LF:14
LH:14
BRDA:24,0,0,1
BRDA:24,0,1,9
BRF:2
BRH:2
end_of_record
TN:
SF:src/store/computeAttribute.js
FN:14,computeAttribute
FN:27,(anonymous_1)
FN:36,(anonymous_2)
FNF:3
FNH:3
FNDA:15,computeAttribute
FNDA:14,(anonymous_1)
FNDA:16,(anonymous_2)
DA:15,15
DA:16,15
DA:17,15
DA:22,15
DA:23,1
DA:26,14
DA:28,14
DA:30,14
DA:37,16
DA:52,14
DA:54,14
LF:11
LH:11
BRDA:22,0,0,1
BRDA:22,0,1,14
BRF:2
BRH:2
end_of_record
TN:
SF:src/store/computeRequirements.js
FN:5,computeRequirements
FN:14,(anonymous_1)
FN:19,(anonymous_2)
FN:24,(anonymous_3)
FN:35,combineSafe
FNF:5
FNH:5
FNDA:22,computeRequirements
FNDA:3,(anonymous_1)
FNDA:2,(anonymous_2)
FNDA:4,(anonymous_3)
FNDA:66,combineSafe
DA:11,22
DA:13,22
DA:15,3
DA:18,22
DA:20,2
DA:23,22
DA:24,4
DA:27,22
DA:36,66
LF:9
LH:9
BRDA:36,0,0,9
BRDA:36,0,1,57
BRF:2
BRH:2
end_of_record
TN:
SF:src/store/computeSetting.js
FN:11,computeSetting
FN:24,(anonymous_1)
FN:48,computeStages
FN:50,(anonymous_3)
FN:56,(anonymous_4)
FN:65,computeStage
FN:70,(anonymous_6)
FN:79,(anonymous_7)
FN:91,computeValueStage
FN:98,computeDictionaryStage
FN:102,(anonymous_10)
FN:104,(anonymous_11)
FN:124,(anonymous_12)
FNF:13
FNH:13
FNDA:30,computeSetting
FNDA:29,(anonymous_1)
FNDA:51,computeStages
FNDA:21,(anonymous_3)
FNDA:26,(anonymous_4)
FNDA:26,computeStage
FNDA:26,(anonymous_6)
FNDA:22,(anonymous_7)
FNDA:22,computeValueStage
FNDA:3,computeDictionaryStage
FNDA:7,(anonymous_10)
FNDA:3,(anonymous_11)
FNDA:2,(anonymous_12)
DA:12,30
DA:13,30
DA:14,30
DA:19,30
DA:20,1
DA:23,29
DA:25,29
DA:27,29
DA:28,4
DA:29,4
DA:31,4
DA:34,25
DA:43,29
DA:45,29
DA:49,51
DA:50,25
DA:53,26
DA:55,26
DA:56,26
DA:59,26
DA:66,26
DA:67,26
DA:69,26
DA:71,26
DA:72,26
DA:74,26
DA:75,1
DA:78,25
DA:79,22
DA:92,22
DA:99,3
DA:101,3
DA:103,7
DA:109,3
DA:110,2
DA:114,2
DA:117,1
DA:123,3
DA:129,2
DA:130,1
DA:136,8
LF:41
LH:41
BRDA:19,0,0,1
BRDA:19,0,1,29
BRDA:27,1,0,4
BRDA:27,1,1,25
BRDA:31,2,0,4
BRDA:31,2,1,1
BRDA:49,3,0,25
BRDA:49,3,1,26
BRDA:74,4,0,1
BRDA:74,4,1,25
BRDA:109,5,0,2
BRDA:109,5,1,1
BRDA:129,6,0,1
BRDA:129,6,1,1
BRF:14
BRH:14
end_of_record
TN:
SF:src/store/computeValue.js
FN:15,computeValue
FN:28,(anonymous_1)
FN:44,computeConstantValue
FN:51,computeAttributeValue
FN:61,computeInputValue
FN:68,computeStageValue
FN:77,computeMountValue
FN:86,computeFutureValue
FN:92,(anonymous_8)
FN:109,(anonymous_9)
FN:110,(anonymous_10)
FN:112,(anonymous_11)
FN:143,computeMethodValue
FN:157,computeFunctionArgs
FN:158,(anonymous_14)
FNF:15
FNH:15
FNDA:33,computeValue
FNDA:31,(anonymous_1)
FNDA:11,computeConstantValue
FNDA:4,computeAttributeValue
FNDA:1,computeInputValue
FNDA:1,computeStageValue
FNDA:1,computeMountValue
FNDA:11,computeFutureValue
FNDA:11,(anonymous_8)
FNDA:11,(anonymous_9)
FNDA:11,(anonymous_10)
FNDA:11,(anonymous_11)
FNDA:1,computeMethodValue
FNDA:12,computeFunctionArgs
FNDA:4,(anonymous_14)
DA:16,33
DA:17,33
DA:19,33
DA:24,1
DA:27,32
DA:29,31
DA:30,31
DA:32,31
DA:33,1
DA:36,30
DA:45,11
DA:52,4
DA:53,4
DA:55,4
DA:62,1
DA:69,1
DA:71,1
DA:78,1
DA:80,1
DA:87,11
DA:88,11
DA:89,11
DA:91,11
DA:93,11
DA:94,11
DA:95,11
DA:97,11
DA:98,11
DA:104,11
DA:105,1
DA:108,10
DA:111,11
DA:113,11
DA:117,1
DA:118,1
DA:119,1
DA:123,11
DA:133,10
DA:135,10
DA:144,1
DA:145,1
DA:146,1
DA:148,1
DA:158,12
DA:159,12
DA:162,8
LF:46
LH:46
BRDA:19,0,0,1
BRDA:19,0,1,32
BRDA:29,1,0,31
BRDA:29,1,1,30
BRDA:32,2,0,1
BRDA:32,2,1,30
BRDA:104,3,0,1
BRDA:104,3,1,10
BRDA:113,4,0,1
BRDA:113,4,1,10
BRDA:159,5,0,4
BRDA:159,5,1,8
BRF:12
BRH:12
end_of_record
TN:
SF:src/store/counter.js
FN:8,(anonymous_0)
FN:15,(anonymous_1)
FN:17,(anonymous_2)
FNF:3
FNH:3
FNDA:8,(anonymous_0)
FNDA:1,(anonymous_1)
FNDA:1,(anonymous_2)
DA:12,8
DA:17,1
DA:18,1
DA:21,1
LF:4
LH:4
BRF:0
BRH:0
end_of_record
TN:
SF:src/store/createMethod.js
FN:10,createMethod
FN:14,(anonymous_1)
FN:16,(anonymous_2)
FN:25,(anonymous_3)
FN:26,(anonymous_4)
FNF:5
FNH:5
FNDA:8,createMethod
FNDA:8,(anonymous_1)
FNDA:8,(anonymous_2)
FNDA:8,(anonymous_3)
FNDA:1,(anonymous_4)
DA:11,8
DA:12,8
DA:14,8
DA:15,8
DA:17,8
DA:19,8
DA:26,8
DA:27,1
DA:29,8
DA:40,8
DA:41,1
DA:44,7
LF:12
LH:12
BRDA:40,0,0,1
BRDA:40,0,1,7
BRF:2
BRH:2
end_of_record
TN:
SF:src/store/createRegistry.js
FN:11,createRegistry
FN:23,(anonymous_1)
FN:32,populateAtoms
FN:35,(anonymous_3)
FN:46,(anonymous_4)
FN:56,populateEntity
FN:63,populateIds
FN:64,(anonymous_7)
FNF:8
FNH:8
FNDA:44,createRegistry
FNDA:8,(anonymous_1)
FNDA:44,populateAtoms
FNDA:63,(anonymous_3)
FNDA:12,(anonymous_4)
FNDA:132,populateEntity
FNDA:44,populateIds
FNDA:63,(anonymous_7)
DA:12,44
DA:14,44
DA:23,8
DA:33,44
DA:35,44
DA:36,63
DA:37,63
DA:39,63
DA:40,53
DA:43,10
DA:46,12
DA:57,132
DA:64,44
DA:65,63
DA:69,63
DA:70,63
DA:72,63
DA:78,44
LF:18
LH:18
BRDA:11,0,0,43
BRDA:12,1,0,43
BRDA:39,2,0,53
BRDA:39,2,1,10
BRDA:69,3,0,63
BRDA:69,3,1,60
BRDA:70,4,0,63
BRDA:70,4,1,45
BRF:8
BRH:8
end_of_record
TN:
SF:src/store/createStore.js
FN:11,createStore
FN:17,(anonymous_1)
FN:20,(anonymous_2)
FN:23,(anonymous_3)
FN:26,(anonymous_4)
FN:29,(anonymous_5)
FN:35,(anonymous_6)
FN:38,(anonymous_7)
FN:41,(anonymous_8)
FNF:9
FNH:9
FNDA:44,createStore
FNDA:26,(anonymous_1)
FNDA:9,(anonymous_2)
FNDA:8,(anonymous_3)
FNDA:2,(anonymous_4)
FNDA:1,(anonymous_5)
FNDA:7,(anonymous_6)
FNDA:4,(anonymous_7)
FNDA:2,(anonymous_8)
DA:12,44
DA:13,44
DA:15,44
DA:18,26
DA:21,9
DA:24,8
DA:27,2
DA:30,1
DA:36,7
DA:39,4
DA:42,2
LF:11
LH:11
BRDA:27,0,0,2
BRDA:27,0,1,1
BRF:2
BRH:2
end_of_record
TN:
SF:src/store/fakes.js
FN:7,init
FN:12,(anonymous_1)
FNF:2
FNH:2
FNDA:44,init
FNDA:44,(anonymous_1)
DA:8,44
DA:9,44
DA:10,44
DA:12,44
DA:13,44
DA:22,44
LF:6
LH:6
BRDA:12,0,0,43
BRDA:17,1,0,44
BRDA:17,1,1,1
BRF:3
BRH:3
end_of_record
TN:
SF:src/store/index.js
FNF:0
FNH:0
LF:0
LH:0
BRF:0
BRH:0
end_of_record
TN:
SF:src/store/interruption.js
FNF:0
FNH:0
LF:0
LH:0
BRF:0
BRH:0
end_of_record
TN:
SF:src/store/updateAtom.js
FN:4,updateAtom
FN:15,(anonymous_1)
FNF:2
FNH:2
FNDA:4,updateAtom
FNDA:1,(anonymous_1)
DA:5,4
DA:7,4
DA:14,1
DA:16,1
DA:20,1
DA:22,1
DA:25,3
LF:7
LH:7
BRDA:7,0,0,1
BRDA:7,0,1,3
BRF:2
BRH:2
end_of_record
TN:
SF:src/store/updateAtoms.js
FN:6,updateAtoms
FN:13,(anonymous_1)
FNF:2
FNH:2
FNDA:4,updateAtoms
FNDA:1,(anonymous_1)
DA:7,4
DA:9,4
DA:12,1
DA:14,1
DA:18,1
DA:20,1
DA:23,3
DA:24,5
DA:25,5
LF:9
LH:9
BRDA:9,0,0,1
BRDA:9,0,1,3
BRF:2
BRH:2
end_of_record
TN:
SF:src/store/utils.js
FN:3,(anonymous_0)
FN:5,toPromise
FNF:2
FNH:1
FNDA:43,(anonymous_0)
FNDA:0,toPromise
DA:3,43
LF:1
LH:1
BRF:0
BRH:0
end_of_record
